TN:
SF:/home/travis/build/camueller/SmartApplianceEnabler/src/main/angular/src/polyfills.ts
FNF:0
FNH:0
DA:41,1
DA:42,1
DA:56,1
LF:3
LH:3
BRF:0
BRH:0
end_of_record
TN:
SF:/home/travis/build/camueller/SmartApplianceEnabler/src/main/angular/src/test.ts
FN:20,(anonymous_0)
FNF:1
FNH:1
FNDA:1,(anonymous_0)
DA:3,1
DA:4,1
DA:5,1
DA:6,1
DA:7,1
DA:8,1
DA:9,1
DA:10,1
DA:20,1
DA:23,1
DA:28,1
DA:30,1
DA:32,1
LF:13
LH:13
BRF:0
BRH:0
end_of_record
TN:
SF:/home/travis/build/camueller/SmartApplianceEnabler/src/main/angular/src/app/appliance/appliance-error-messages.ts
FN:23,(anonymous_6)
FN:25,ApplianceErrorMessages
FNF:2
FNH:2
FNDA:1,(anonymous_6)
FNDA:8,ApplianceErrorMessages
DA:19,1
DA:20,1
DA:23,1
DA:25,8
DA:26,8
DA:39,1
LF:6
LH:6
BRDA:26,0,0,8
BRDA:26,0,1,8
BRF:2
BRH:2
end_of_record
TN:
SF:/home/travis/build/camueller/SmartApplianceEnabler/src/main/angular/src/app/appliance/appliance-factory.ts
FN:24,(anonymous_0)
FN:26,ApplianceFactory
FN:29,(anonymous_2)
FN:33,(anonymous_3)
FN:40,(anonymous_4)
FN:47,(anonymous_5)
FNF:6
FNH:5
FNDA:1,(anonymous_0)
FNDA:14,ApplianceFactory
FNDA:8,(anonymous_2)
FNDA:0,(anonymous_3)
FNDA:1,(anonymous_4)
FNDA:2,(anonymous_5)
DA:19,1
DA:20,1
DA:22,1
DA:24,1
DA:26,14
DA:29,1
DA:30,8
DA:33,1
DA:34,0
DA:35,0
DA:36,0
DA:37,0
DA:40,1
DA:41,1
DA:42,1
DA:43,1
DA:44,1
DA:47,1
DA:48,2
DA:57,2
DA:58,2
DA:59,2
DA:61,1
LF:23
LH:19
BRF:0
BRH:0
end_of_record
TN:
SF:/home/travis/build/camueller/SmartApplianceEnabler/src/main/angular/src/app/appliance/appliance-header.ts
FN:19,(anonymous_0)
FN:26,ApplianceHeader
FNF:2
FNH:1
FNDA:1,(anonymous_0)
FNDA:0,ApplianceHeader
DA:19,1
DA:27,0
DA:29,1
LF:3
LH:2
BRF:0
BRH:0
end_of_record
TN:
SF:/home/travis/build/camueller/SmartApplianceEnabler/src/main/angular/src/app/appliance/appliance-testdata.ts
FN:3,(anonymous_0)
FN:5,(anonymous_2)
FN:9,(anonymous_3)
FNF:3
FNH:3
FNDA:1,(anonymous_0)
FNDA:24,(anonymous_2)
FNDA:6,(anonymous_3)
DA:1,1
DA:3,1
DA:5,1
DA:6,24
DA:9,1
DA:10,6
DA:25,1
LF:7
LH:7
BRF:0
BRH:0
end_of_record
TN:
SF:/home/travis/build/camueller/SmartApplianceEnabler/src/main/angular/src/app/appliance/appliance.component.ts
FN:41,(anonymous_2)
FN:53,ApplianceComponent
FN:67,(anonymous_4)
FN:70,(anonymous_5)
FN:71,(anonymous_6)
FN:72,(anonymous_7)
FN:73,(anonymous_8)
FN:79,(anonymous_9)
FN:83,(anonymous_10)
FN:90,(anonymous_11)
FN:105,(anonymous_12)
FN:112,(anonymous_13)
FN:114,(anonymous_14)
FN:116,(anonymous_15)
FNF:14
FNH:12
FNDA:1,(anonymous_2)
FNDA:8,ApplianceComponent
FNDA:8,(anonymous_4)
FNDA:8,(anonymous_5)
FNDA:8,(anonymous_6)
FNDA:8,(anonymous_7)
FNDA:8,(anonymous_8)
FNDA:202,(anonymous_9)
FNDA:0,(anonymous_10)
FNDA:1,(anonymous_11)
FNDA:1,(anonymous_12)
FNDA:1,(anonymous_13)
FNDA:1,(anonymous_14)
FNDA:0,(anonymous_15)
DA:19,1
DA:20,1
DA:21,1
DA:22,1
DA:23,1
DA:24,1
DA:25,1
DA:26,1
DA:27,1
DA:28,1
DA:29,1
DA:33,1
DA:34,1
DA:41,1
DA:42,1
DA:44,8
DA:47,8
DA:48,8
DA:49,8
DA:53,8
DA:54,8
DA:55,8
DA:56,8
DA:57,8
DA:58,8
DA:59,8
DA:60,8
DA:62,8
DA:63,8
DA:64,8
DA:67,8
DA:68,8
DA:69,8
DA:70,8
DA:71,8
DA:72,8
DA:73,8
DA:74,8
DA:75,3
DA:76,3
DA:79,8
DA:80,202
DA:83,1
DA:84,0
DA:85,0
DA:87,0
DA:90,1
DA:91,1
DA:94,1
DA:96,1
DA:98,1
DA:100,1
DA:102,1
DA:105,1
DA:106,1
DA:107,1
DA:109,1
DA:112,1
DA:113,1
DA:114,1
DA:115,1
DA:116,0
DA:117,0
DA:121,1
LF:64
LH:59
BRDA:74,0,0,3
BRDA:74,0,1,5
BRDA:84,1,0,0
BRDA:84,1,1,0
BRDA:95,2,0,1
BRDA:95,2,1,0
BRDA:94,3,0,1
BRDA:94,3,1,1
BRDA:97,4,0,1
BRDA:97,4,1,0
BRDA:96,5,0,1
BRDA:96,5,1,1
BRDA:99,6,0,1
BRDA:99,6,1,0
BRDA:98,7,0,1
BRDA:98,7,1,1
BRDA:101,8,0,1
BRDA:101,8,1,0
BRDA:100,9,0,1
BRDA:100,9,1,1
BRDA:103,10,0,1
BRDA:103,10,1,0
BRDA:102,11,0,1
BRDA:102,11,1,1
BRDA:115,12,0,0
BRDA:115,12,1,1
BRF:26
BRH:18
end_of_record
TN:
SF:/home/travis/build/camueller/SmartApplianceEnabler/src/main/angular/src/app/appliance/appliance.service.ts
FN:30,(anonymous_8)
FN:34,ApplianceService
FN:40,(anonymous_10)
FN:42,(anonymous_11)
FN:44,(anonymous_12)
FN:48,(anonymous_13)
FN:50,(anonymous_14)
FN:53,(anonymous_15)
FN:61,(anonymous_16)
FNF:9
FNH:6
FNDA:1,(anonymous_8)
FNDA:6,ApplianceService
FNDA:0,(anonymous_10)
FNDA:0,(anonymous_11)
FNDA:0,(anonymous_12)
FNDA:2,(anonymous_13)
FNDA:1,(anonymous_14)
FNDA:2,(anonymous_15)
FNDA:2,(anonymous_16)
DA:19,1
DA:22,1
DA:24,1
DA:25,1
DA:26,1
DA:27,1
DA:30,1
DA:34,6
DA:35,6
DA:36,6
DA:37,6
DA:40,1
DA:41,0
DA:43,0
DA:44,0
DA:48,2
DA:49,2
DA:50,1
DA:53,1
DA:54,2
DA:55,2
DA:56,2
DA:57,2
DA:61,1
DA:62,2
DA:63,2
DA:64,2
DA:66,1
LF:28
LH:25
BRDA:36,0,0,6
BRDA:36,0,1,6
BRF:2
BRH:2
end_of_record
TN:
SF:/home/travis/build/camueller/SmartApplianceEnabler/src/main/angular/src/app/appliance/appliance.ts
FN:19,(anonymous_0)
FN:33,Appliance
FNF:2
FNH:2
FNDA:1,(anonymous_0)
FNDA:15,Appliance
DA:19,1
DA:34,15
DA:36,1
LF:3
LH:3
BRF:0
BRH:0
end_of_record
TN:
SF:/home/travis/build/camueller/SmartApplianceEnabler/src/main/angular/src/app/appliance/appliances-reload-service.ts
FN:23,(anonymous_1)
FN:22,AppliancesReloadService
FN:27,(anonymous_3)
FNF:3
FNH:1
FNDA:1,(anonymous_1)
FNDA:0,AppliancesReloadService
FNDA:0,(anonymous_3)
DA:19,1
DA:20,1
DA:23,1
DA:25,0
DA:27,1
DA:28,0
DA:30,1
LF:7
LH:5
BRF:0
BRH:0
end_of_record
TN:
SF:/home/travis/build/camueller/SmartApplianceEnabler/src/main/angular/src/app/control/control-defaults.ts
FN:1,(anonymous_0)
FN:13,ControlDefaults
FNF:2
FNH:2
FNDA:1,(anonymous_0)
FNDA:2,ControlDefaults
DA:1,1
DA:14,2
DA:16,1
LF:3
LH:3
BRF:0
BRH:0
end_of_record
TN:
SF:/home/travis/build/camueller/SmartApplianceEnabler/src/main/angular/src/app/control/control-factory.ts
FN:37,(anonymous_2)
FN:39,ControlFactory
FN:42,(anonymous_4)
FN:68,(anonymous_5)
FN:72,(anonymous_6)
FN:86,(anonymous_7)
FN:92,(anonymous_8)
FN:109,(anonymous_9)
FN:126,(anonymous_10)
FN:130,(anonymous_11)
FN:134,(anonymous_12)
FN:143,(anonymous_13)
FN:152,(anonymous_14)
FN:160,(anonymous_15)
FN:173,(anonymous_16)
FN:187,(anonymous_17)
FN:197,(anonymous_18)
FN:197,(anonymous_19)
FN:213,(anonymous_20)
FN:213,(anonymous_21)
FN:235,(anonymous_22)
FN:254,(anonymous_23)
FN:289,(anonymous_24)
FN:306,(anonymous_25)
FN:309,(anonymous_26)
FN:310,(anonymous_27)
FN:312,(anonymous_28)
FN:332,(anonymous_29)
FN:333,(anonymous_30)
FN:335,(anonymous_31)
FN:355,(anonymous_32)
FNF:31
FNH:10
FNDA:1,(anonymous_2)
FNDA:7,ControlFactory
FNDA:1,(anonymous_4)
FNDA:0,(anonymous_5)
FNDA:3,(anonymous_6)
FNDA:3,(anonymous_7)
FNDA:3,(anonymous_8)
FNDA:3,(anonymous_9)
FNDA:0,(anonymous_10)
FNDA:0,(anonymous_11)
FNDA:1,(anonymous_12)
FNDA:2,(anonymous_13)
FNDA:0,(anonymous_14)
FNDA:0,(anonymous_15)
FNDA:0,(anonymous_16)
FNDA:0,(anonymous_17)
FNDA:0,(anonymous_18)
FNDA:0,(anonymous_19)
FNDA:0,(anonymous_20)
FNDA:0,(anonymous_21)
FNDA:0,(anonymous_22)
FNDA:3,(anonymous_23)
FNDA:0,(anonymous_24)
FNDA:0,(anonymous_25)
FNDA:0,(anonymous_26)
FNDA:0,(anonymous_27)
FNDA:0,(anonymous_28)
FNDA:0,(anonymous_29)
FNDA:0,(anonymous_30)
FNDA:0,(anonymous_31)
FNDA:0,(anonymous_32)
DA:19,1
DA:20,1
DA:21,1
DA:22,1
DA:23,1
DA:24,1
DA:25,1
DA:26,1
DA:28,1
DA:29,1
DA:30,1
DA:31,1
DA:32,1
DA:33,1
DA:34,1
DA:35,1
DA:37,1
DA:39,7
DA:42,1
DA:43,1
DA:44,1
DA:45,1
DA:47,1
DA:49,1
DA:51,1
DA:53,1
DA:54,1
DA:55,1
DA:56,1
DA:57,1
DA:58,1
DA:60,1
DA:64,1
DA:65,1
DA:68,1
DA:69,0
DA:72,1
DA:73,3
DA:74,3
DA:75,3
DA:76,1
DA:77,1
DA:78,1
DA:80,2
DA:82,3
DA:83,3
DA:86,1
DA:87,3
DA:88,3
DA:92,1
DA:93,3
DA:94,3
DA:95,0
DA:96,3
DA:97,0
DA:98,3
DA:99,2
DA:100,1
DA:101,0
DA:102,1
DA:103,0
DA:104,1
DA:105,0
DA:109,1
DA:110,3
DA:111,0
DA:112,3
DA:113,0
DA:114,3
DA:115,2
DA:116,1
DA:117,0
DA:118,1
DA:119,0
DA:120,1
DA:121,0
DA:123,1
DA:126,1
DA:127,0
DA:130,1
DA:131,0
DA:134,1
DA:135,1
DA:136,1
DA:137,1
DA:138,1
DA:139,1
DA:140,1
DA:143,1
DA:144,2
DA:145,2
DA:146,2
DA:147,2
DA:149,2
DA:152,1
DA:153,0
DA:154,0
DA:155,0
DA:156,0
DA:157,0
DA:158,0
DA:159,0
DA:160,0
DA:161,0
DA:162,0
DA:164,0
DA:165,0
DA:170,0
DA:173,1
DA:174,0
DA:175,0
DA:176,0
DA:177,0
DA:178,0
DA:179,0
DA:180,0
DA:181,0
DA:182,0
DA:184,0
DA:187,1
DA:188,0
DA:189,0
DA:190,0
DA:191,0
DA:193,0
DA:195,0
DA:196,0
DA:197,0
DA:198,0
DA:207,0
DA:211,0
DA:212,0
DA:213,0
DA:214,0
DA:222,0
DA:227,0
DA:233,0
DA:234,0
DA:235,0
DA:236,0
DA:237,0
DA:241,0
DA:251,0
DA:254,1
DA:255,3
DA:257,3
DA:258,0
DA:259,0
DA:260,0
DA:261,0
DA:263,0
DA:264,0
DA:266,0
DA:267,0
DA:269,0
DA:270,0
DA:273,3
DA:276,3
DA:277,2
DA:278,0
DA:280,2
DA:281,0
DA:283,2
DA:285,3
DA:286,3
DA:289,1
DA:290,0
DA:294,0
DA:299,0
DA:300,0
DA:301,0
DA:302,0
DA:303,0
DA:306,1
DA:307,0
DA:308,0
DA:309,0
DA:311,0
DA:312,0
DA:314,0
DA:315,0
DA:320,0
DA:322,0
DA:326,0
DA:328,0
DA:330,0
DA:331,0
DA:332,0
DA:334,0
DA:335,0
DA:337,0
DA:338,0
DA:344,0
DA:346,0
DA:350,0
DA:352,0
DA:355,1
DA:356,0
DA:357,0
DA:358,0
DA:359,0
DA:361,1
LF:202
LH:98
BRDA:75,0,0,1
BRDA:75,0,1,2
BRDA:87,1,0,3
BRDA:87,1,1,0
BRDA:94,2,0,0
BRDA:94,2,1,3
BRDA:96,3,0,0
BRDA:96,3,1,3
BRDA:98,4,0,2
BRDA:98,4,1,1
BRDA:100,5,0,0
BRDA:100,5,1,1
BRDA:102,6,0,0
BRDA:102,6,1,1
BRDA:104,7,0,0
BRDA:104,7,1,1
BRDA:110,8,0,0
BRDA:110,8,1,3
BRDA:112,9,0,0
BRDA:112,9,1,3
BRDA:114,10,0,2
BRDA:114,10,1,1
BRDA:116,11,0,0
BRDA:116,11,1,1
BRDA:118,12,0,0
BRDA:118,12,1,1
BRDA:120,13,0,0
BRDA:120,13,1,1
BRDA:145,14,0,2
BRDA:145,14,1,0
BRDA:154,15,0,0
BRDA:154,15,1,0
BRDA:157,16,0,0
BRDA:157,16,1,0
BRDA:161,17,0,0
BRDA:161,17,1,0
BRDA:164,18,0,0
BRDA:164,18,1,0
BRDA:175,19,0,0
BRDA:175,19,1,0
BRDA:189,20,0,0
BRDA:189,20,1,0
BRDA:193,21,0,0
BRDA:193,21,1,0
BRDA:195,22,0,0
BRDA:195,22,1,0
BRDA:211,23,0,0
BRDA:211,23,1,0
BRDA:234,24,0,0
BRDA:234,24,1,0
BRDA:257,25,0,0
BRDA:257,25,1,3
BRDA:260,26,0,0
BRDA:260,26,1,0
BRDA:263,27,0,0
BRDA:263,27,1,0
BRDA:266,28,0,0
BRDA:266,28,1,0
BRDA:269,29,0,0
BRDA:269,29,1,0
BRDA:276,30,0,2
BRDA:276,30,1,1
BRDA:277,31,0,0
BRDA:277,31,1,2
BRDA:280,32,0,0
BRDA:280,32,1,2
BRDA:314,33,0,0
BRDA:314,33,1,0
BRDA:337,34,0,0
BRDA:337,34,1,0
BRF:70
BRH:23
end_of_record
TN:
SF:/home/travis/build/camueller/SmartApplianceEnabler/src/main/angular/src/app/control/control-service.ts
FN:13,(anonymous_8)
FN:17,ControlService
FN:23,(anonymous_10)
FN:25,(anonymous_11)
FN:28,(anonymous_12)
FN:30,(anonymous_13)
FN:38,(anonymous_14)
FN:40,(anonymous_15)
FN:44,(anonymous_16)
FN:48,(anonymous_17)
FNF:10
FNH:7
FNDA:1,(anonymous_8)
FNDA:7,ControlService
FNDA:1,(anonymous_10)
FNDA:1,(anonymous_11)
FNDA:3,(anonymous_12)
FNDA:3,(anonymous_13)
FNDA:0,(anonymous_14)
FNDA:0,(anonymous_15)
FNDA:0,(anonymous_16)
FNDA:3,(anonymous_17)
DA:1,1
DA:2,1
DA:6,1
DA:7,1
DA:8,1
DA:9,1
DA:13,1
DA:17,7
DA:18,7
DA:19,7
DA:20,7
DA:23,1
DA:24,1
DA:25,1
DA:28,3
DA:29,3
DA:31,3
DA:32,0
DA:34,3
DA:38,1
DA:39,0
DA:41,0
DA:42,0
DA:44,0
DA:48,1
DA:49,3
DA:50,3
DA:51,3
DA:52,3
DA:53,2
DA:55,1
DA:59,1
LF:32
LH:27
BRDA:19,0,0,7
BRDA:19,0,1,7
BRDA:31,1,0,0
BRDA:31,1,1,3
BRDA:41,2,0,0
BRDA:41,2,1,0
BRDA:52,3,0,2
BRDA:52,3,1,1
BRF:8
BRH:5
end_of_record
TN:
SF:/home/travis/build/camueller/SmartApplianceEnabler/src/main/angular/src/app/control/control-testdata.ts
FN:6,(anonymous_0)
FN:8,(anonymous_2)
FN:29,(anonymous_3)
FN:44,(anonymous_4)
FN:48,(anonymous_5)
FN:54,(anonymous_6)
FN:61,(anonymous_7)
FN:71,(anonymous_8)
FN:88,(anonymous_9)
FNF:9
FNH:9
FNDA:1,(anonymous_0)
FNDA:1,(anonymous_2)
FNDA:1,(anonymous_3)
FNDA:1,(anonymous_4)
FNDA:1,(anonymous_5)
FNDA:2,(anonymous_6)
FNDA:3,(anonymous_7)
FNDA:1,(anonymous_8)
FNDA:1,(anonymous_9)
DA:1,1
DA:2,1
DA:3,1
DA:4,1
DA:6,1
DA:8,1
DA:9,1
DA:29,1
DA:30,1
DA:44,1
DA:45,1
DA:48,1
DA:49,1
DA:54,1
DA:55,2
DA:61,1
DA:62,3
DA:71,1
DA:72,1
DA:88,1
DA:89,1
DA:106,1
LF:22
LH:22
BRF:0
BRH:0
end_of_record
TN:
SF:/home/travis/build/camueller/SmartApplianceEnabler/src/main/angular/src/app/control/control.ts
FN:27,(anonymous_0)
FN:38,Control
FNF:2
FNH:2
FNDA:1,(anonymous_0)
FNDA:9,Control
DA:27,1
DA:39,9
DA:41,1
LF:3
LH:3
BRF:0
BRH:0
end_of_record
TN:
SF:/home/travis/build/camueller/SmartApplianceEnabler/src/main/angular/src/app/control/mock-switch.ts
FN:19,(anonymous_0)
FN:21,(anonymous_2)
FNF:2
FNH:2
FNDA:1,(anonymous_0)
FNDA:6,(anonymous_2)
DA:19,1
DA:21,1
DA:22,6
DA:25,0
DA:26,1
LF:5
LH:4
BRF:0
BRH:0
end_of_record
TN:
SF:/home/travis/build/camueller/SmartApplianceEnabler/src/main/angular/src/app/control-alwayson/always-on-switch.ts
FN:19,(anonymous_0)
FN:21,(anonymous_2)
FNF:2
FNH:2
FNDA:1,(anonymous_0)
FNDA:6,(anonymous_2)
DA:19,1
DA:21,1
DA:22,6
DA:25,0
DA:26,1
LF:5
LH:4
BRF:0
BRH:0
end_of_record
TN:
SF:/home/travis/build/camueller/SmartApplianceEnabler/src/main/angular/src/app/control-evcharger/electric-vehicle.ts
FN:3,(anonymous_0)
FN:20,ElectricVehicle
FN:5,(anonymous_2)
FNF:3
FNH:1
FNDA:1,(anonymous_0)
FNDA:0,ElectricVehicle
FNDA:0,(anonymous_2)
DA:3,1
DA:5,1
DA:6,0
DA:8,0
DA:21,0
DA:23,1
LF:6
LH:3
BRF:0
BRH:0
end_of_record
TN:
SF:/home/travis/build/camueller/SmartApplianceEnabler/src/main/angular/src/app/control-evcharger/ev-charger.ts
FN:4,(anonymous_0)
FN:20,EvCharger
FN:6,(anonymous_2)
FNF:3
FNH:2
FNDA:1,(anonymous_0)
FNDA:0,EvCharger
FNDA:4,(anonymous_2)
DA:4,1
DA:6,1
DA:7,4
DA:10,0
DA:21,0
DA:23,1
LF:6
LH:4
BRF:0
BRH:0
end_of_record
TN:
SF:/home/travis/build/camueller/SmartApplianceEnabler/src/main/angular/src/app/control-evcharger/ev-modbus-control.ts
FN:5,(anonymous_0)
FN:18,EvModbusControl
FN:7,(anonymous_2)
FNF:3
FNH:1
FNDA:1,(anonymous_0)
FNDA:0,EvModbusControl
FNDA:0,(anonymous_2)
DA:5,1
DA:7,1
DA:8,0
DA:11,0
DA:19,0
DA:22,1
LF:6
LH:3
BRF:0
BRH:0
end_of_record
TN:
SF:/home/travis/build/camueller/SmartApplianceEnabler/src/main/angular/src/app/control-http/http-switch.ts
FN:19,(anonymous_0)
FN:21,(anonymous_2)
FNF:2
FNH:2
FNDA:1,(anonymous_0)
FNDA:2,(anonymous_2)
DA:19,1
DA:21,1
DA:22,2
DA:25,0
DA:33,1
LF:5
LH:4
BRF:0
BRH:0
end_of_record
TN:
SF:/home/travis/build/camueller/SmartApplianceEnabler/src/main/angular/src/app/control-modbus/modbus-switch.ts
FN:21,(anonymous_0)
FN:23,(anonymous_2)
FNF:2
FNH:2
FNDA:1,(anonymous_0)
FNDA:4,(anonymous_2)
DA:21,1
DA:23,1
DA:24,4
DA:27,0
DA:35,1
LF:5
LH:4
BRF:0
BRH:0
end_of_record
TN:
SF:/home/travis/build/camueller/SmartApplianceEnabler/src/main/angular/src/app/control-startingcurrent/starting-current-switch.ts
FN:19,(anonymous_0)
FN:31,StartingCurrentSwitch
FN:21,(anonymous_2)
FNF:3
FNH:3
FNDA:1,(anonymous_0)
FNDA:2,StartingCurrentSwitch
FNDA:5,(anonymous_2)
DA:19,1
DA:21,1
DA:22,5
DA:25,2
DA:32,2
DA:34,1
LF:6
LH:6
BRF:0
BRH:0
end_of_record
TN:
SF:/home/travis/build/camueller/SmartApplianceEnabler/src/main/angular/src/app/control-switch/switch.ts
FN:19,(anonymous_0)
FN:29,Switch
FN:21,(anonymous_2)
FNF:3
FNH:3
FNDA:1,(anonymous_0)
FNDA:6,Switch
FNDA:12,(anonymous_2)
DA:19,1
DA:21,1
DA:22,12
DA:25,6
DA:30,6
DA:32,1
LF:6
LH:6
BRF:0
BRH:0
end_of_record
TN:
SF:/home/travis/build/camueller/SmartApplianceEnabler/src/main/angular/src/app/log/level.ts
FN:10,(anonymous_0)
FNF:1
FNH:1
FNDA:1,(anonymous_0)
DA:10,1
LF:1
LH:1
BRDA:10,0,0,1
BRDA:10,0,1,1
BRF:2
BRH:2
end_of_record
TN:
SF:/home/travis/build/camueller/SmartApplianceEnabler/src/main/angular/src/app/log/logger.ts
FN:21,(anonymous_4)
FN:42,(anonymous_6)
FN:51,Logger
FN:68,(anonymous_8)
FN:113,(anonymous_9)
FN:135,(anonymous_10)
FN:136,(anonymous_11)
FN:137,(anonymous_12)
FN:138,(anonymous_13)
FN:139,(anonymous_14)
FN:70,(anonymous_15)
FN:73,(anonymous_16)
FN:77,(anonymous_17)
FN:81,(anonymous_18)
FN:85,(anonymous_19)
FN:89,(anonymous_20)
FN:93,(anonymous_21)
FN:97,(anonymous_22)
FN:101,(anonymous_23)
FN:105,(anonymous_24)
FN:109,(anonymous_25)
FN:115,(anonymous_26)
FN:129,(anonymous_27)
FN:141,(anonymous_28)
FN:143,(anonymous_29)
FNF:25
FNH:7
FNDA:1,(anonymous_4)
FNDA:1,(anonymous_6)
FNDA:35,Logger
FNDA:35,(anonymous_8)
FNDA:35,(anonymous_9)
FNDA:0,(anonymous_10)
FNDA:0,(anonymous_11)
FNDA:0,(anonymous_12)
FNDA:0,(anonymous_13)
FNDA:0,(anonymous_14)
FNDA:0,(anonymous_15)
FNDA:5,(anonymous_16)
FNDA:0,(anonymous_17)
FNDA:0,(anonymous_18)
FNDA:0,(anonymous_19)
FNDA:0,(anonymous_20)
FNDA:0,(anonymous_21)
FNDA:69,(anonymous_22)
FNDA:0,(anonymous_23)
FNDA:0,(anonymous_24)
FNDA:0,(anonymous_25)
FNDA:0,(anonymous_26)
FNDA:0,(anonymous_27)
FNDA:0,(anonymous_28)
FNDA:0,(anonymous_29)
DA:1,1
DA:2,1
DA:21,1
DA:27,1
DA:30,1
DA:33,1
DA:42,1
DA:49,35
DA:51,35
DA:55,35
DA:57,35
DA:58,35
DA:59,35
DA:61,35
DA:63,35
DA:64,0
DA:68,35
DA:70,1
DA:73,1
DA:74,5
DA:77,1
DA:78,0
DA:81,1
DA:82,0
DA:85,1
DA:86,0
DA:89,1
DA:90,0
DA:93,1
DA:94,0
DA:97,1
DA:98,69
DA:101,1
DA:102,0
DA:105,1
DA:106,0
DA:109,1
DA:110,0
DA:113,35
DA:115,1
DA:117,0
DA:118,0
DA:119,0
DA:120,0
DA:122,0
DA:125,0
DA:129,1
DA:130,0
DA:131,0
DA:132,0
DA:135,35
DA:136,35
DA:137,35
DA:138,35
DA:139,35
DA:141,1
DA:144,0
DA:145,0
DA:148,1
LF:59
LH:39
BRDA:30,0,0,1
BRDA:30,0,1,0
BRDA:61,1,0,35
BRDA:61,1,1,35
BRDA:63,2,0,0
BRDA:63,2,1,35
BRDA:63,3,0,35
BRDA:63,3,1,35
BRDA:78,4,0,0
BRDA:78,4,1,0
BRDA:86,5,0,0
BRDA:86,5,1,0
BRDA:94,6,0,0
BRDA:94,6,1,0
BRDA:102,7,0,0
BRDA:102,7,1,0
BRDA:110,8,0,0
BRDA:110,8,1,0
BRDA:119,9,0,0
BRDA:119,9,1,0
BRDA:144,10,0,0
BRDA:144,10,1,0
BRF:22
BRH:6
end_of_record
TN:
SF:/home/travis/build/camueller/SmartApplianceEnabler/src/main/angular/src/app/meter/http-electricity-meter.ts
FN:19,(anonymous_0)
FN:21,(anonymous_2)
FNF:2
FNH:2
FNDA:1,(anonymous_0)
FNDA:2,(anonymous_2)
DA:19,1
DA:21,1
DA:22,2
DA:25,0
DA:35,1
LF:5
LH:4
BRF:0
BRH:0
end_of_record
TN:
SF:/home/travis/build/camueller/SmartApplianceEnabler/src/main/angular/src/app/meter/meter-defaults.ts
FN:1,(anonymous_0)
FN:9,MeterDefaults
FNF:2
FNH:2
FNDA:1,(anonymous_0)
FNDA:2,MeterDefaults
DA:1,1
DA:10,2
DA:12,1
LF:3
LH:3
BRF:0
BRH:0
end_of_record
TN:
SF:/home/travis/build/camueller/SmartApplianceEnabler/src/main/angular/src/app/meter/meter-factory.ts
FN:29,(anonymous_0)
FN:31,MeterFactory
FN:34,(anonymous_2)
FN:48,(anonymous_3)
FN:52,(anonymous_4)
FN:69,(anonymous_5)
FN:92,(anonymous_6)
FN:100,(anonymous_7)
FN:111,(anonymous_8)
FN:124,(anonymous_9)
FN:131,(anonymous_10)
FN:156,(anonymous_11)
FNF:12
FNH:6
FNDA:1,(anonymous_0)
FNDA:6,MeterFactory
FNDA:1,(anonymous_2)
FNDA:0,(anonymous_3)
FNDA:2,(anonymous_4)
FNDA:3,(anonymous_5)
FNDA:0,(anonymous_6)
FNDA:0,(anonymous_7)
FNDA:1,(anonymous_8)
FNDA:0,(anonymous_9)
FNDA:0,(anonymous_10)
FNDA:0,(anonymous_11)
DA:19,1
DA:20,1
DA:21,1
DA:22,1
DA:23,1
DA:25,1
DA:26,1
DA:27,1
DA:29,1
DA:31,6
DA:34,1
DA:35,1
DA:36,1
DA:37,1
DA:39,1
DA:40,1
DA:41,1
DA:42,1
DA:43,1
DA:44,1
DA:45,1
DA:48,1
DA:49,0
DA:52,1
DA:53,2
DA:54,2
DA:55,2
DA:56,2
DA:57,1
DA:58,1
DA:59,0
DA:60,1
DA:61,0
DA:62,1
DA:63,0
DA:65,2
DA:66,2
DA:69,1
DA:70,3
DA:72,3
DA:73,2
DA:74,1
DA:75,0
DA:76,1
DA:77,0
DA:78,1
DA:79,0
DA:82,3
DA:83,2
DA:84,0
DA:86,2
DA:88,3
DA:89,3
DA:92,1
DA:93,0
DA:95,0
DA:97,0
DA:100,1
DA:101,0
DA:111,1
DA:112,1
DA:113,1
DA:114,0
DA:116,1
DA:117,1
DA:118,1
DA:119,1
DA:120,1
DA:121,1
DA:124,1
DA:125,0
DA:126,0
DA:127,0
DA:128,0
DA:129,0
DA:130,0
DA:131,0
DA:132,0
DA:133,0
DA:134,0
DA:142,0
DA:143,0
DA:153,0
DA:156,1
DA:157,0
DA:158,0
DA:159,0
DA:160,0
DA:161,0
DA:162,0
DA:163,0
DA:164,0
DA:165,0
DA:166,0
DA:167,0
DA:169,1
LF:96
LH:59
BRDA:56,0,0,1
BRDA:56,0,1,1
BRDA:58,1,0,0
BRDA:58,1,1,1
BRDA:60,2,0,0
BRDA:60,2,1,1
BRDA:62,3,0,0
BRDA:62,3,1,1
BRDA:72,4,0,2
BRDA:72,4,1,1
BRDA:74,5,0,0
BRDA:74,5,1,1
BRDA:76,6,0,0
BRDA:76,6,1,1
BRDA:78,7,0,0
BRDA:78,7,1,1
BRDA:82,8,0,2
BRDA:82,8,1,1
BRDA:83,9,0,0
BRDA:83,9,1,2
BRDA:113,10,0,0
BRDA:113,10,1,1
BRDA:130,11,0,0
BRDA:130,11,1,0
BRDA:133,12,0,0
BRDA:133,12,1,0
BRDA:142,13,0,0
BRDA:142,13,1,0
BRF:28
BRH:14
end_of_record
TN:
SF:/home/travis/build/camueller/SmartApplianceEnabler/src/main/angular/src/app/meter/meter-service.ts
FN:12,(anonymous_8)
FN:16,MeterService
FN:22,(anonymous_10)
FN:24,(anonymous_11)
FN:27,(anonymous_12)
FN:29,(anonymous_13)
FN:37,(anonymous_14)
FNF:7
FNH:7
FNDA:1,(anonymous_8)
FNDA:6,MeterService
FNDA:1,(anonymous_10)
FNDA:1,(anonymous_11)
FNDA:2,(anonymous_12)
FNDA:2,(anonymous_13)
FNDA:3,(anonymous_14)
DA:1,1
DA:2,1
DA:3,1
DA:7,1
DA:8,1
DA:9,1
DA:12,1
DA:16,6
DA:17,6
DA:18,6
DA:19,6
DA:22,1
DA:23,1
DA:24,1
DA:27,2
DA:28,2
DA:30,2
DA:31,0
DA:33,2
DA:37,1
DA:38,3
DA:39,3
DA:40,3
DA:41,3
DA:42,2
DA:44,1
DA:47,1
LF:27
LH:26
BRDA:18,0,0,6
BRDA:18,0,1,6
BRDA:30,1,0,0
BRDA:30,1,1,2
BRDA:41,2,0,2
BRDA:41,2,1,1
BRF:6
BRH:5
end_of_record
TN:
SF:/home/travis/build/camueller/SmartApplianceEnabler/src/main/angular/src/app/meter/meter-testdata.ts
FN:5,(anonymous_0)
FN:7,(anonymous_2)
FN:28,(anonymous_3)
FN:39,(anonymous_4)
FN:43,(anonymous_5)
FN:49,(anonymous_6)
FN:59,(anonymous_7)
FNF:7
FNH:7
FNDA:1,(anonymous_0)
FNDA:1,(anonymous_2)
FNDA:1,(anonymous_3)
FNDA:1,(anonymous_4)
FNDA:1,(anonymous_5)
FNDA:2,(anonymous_6)
FNDA:3,(anonymous_7)
DA:1,1
DA:2,1
DA:3,1
DA:5,1
DA:7,1
DA:8,1
DA:28,1
DA:29,1
DA:39,1
DA:40,1
DA:43,1
DA:44,1
DA:49,1
DA:50,2
DA:59,1
DA:60,3
DA:74,1
LF:17
LH:17
BRF:0
BRH:0
end_of_record
TN:
SF:/home/travis/build/camueller/SmartApplianceEnabler/src/main/angular/src/app/meter/meter.ts
FN:23,(anonymous_0)
FN:30,Meter
FNF:2
FNH:2
FNDA:1,(anonymous_0)
FNDA:7,Meter
DA:23,1
DA:31,7
DA:33,1
LF:3
LH:3
BRF:0
BRH:0
end_of_record
TN:
SF:/home/travis/build/camueller/SmartApplianceEnabler/src/main/angular/src/app/meter/modbus-electricity-meter.ts
FN:22,(anonymous_0)
FN:37,ModbusElectricityMeter
FN:24,(anonymous_2)
FNF:3
FNH:2
FNDA:1,(anonymous_0)
FNDA:0,ModbusElectricityMeter
FNDA:4,(anonymous_2)
DA:20,1
DA:22,1
DA:24,1
DA:25,4
DA:28,0
DA:38,0
DA:39,0
DA:41,1
LF:8
LH:5
BRF:0
BRH:0
end_of_record
TN:
SF:/home/travis/build/camueller/SmartApplianceEnabler/src/main/angular/src/app/meter/s0-electricity-meter.ts
FN:19,(anonymous_0)
FN:35,S0ElectricityMeter
FN:21,(anonymous_2)
FN:24,(anonymous_3)
FNF:4
FNH:4
FNDA:1,(anonymous_0)
FNDA:4,S0ElectricityMeter
FNDA:9,(anonymous_2)
FNDA:2,(anonymous_3)
DA:19,1
DA:21,1
DA:22,9
DA:24,1
DA:25,2
DA:28,4
DA:36,4
DA:38,1
LF:8
LH:8
BRF:0
BRH:0
end_of_record
TN:
SF:/home/travis/build/camueller/SmartApplianceEnabler/src/main/angular/src/app/schedule/consecutive-days-timeframe.ts
FN:19,(anonymous_0)
FN:31,ConsecutiveDaysTimeframe
FN:21,(anonymous_2)
FNF:3
FNH:3
FNDA:1,(anonymous_0)
FNDA:2,ConsecutiveDaysTimeframe
FNDA:4,(anonymous_2)
DA:19,1
DA:21,1
DA:22,4
DA:25,2
DA:32,2
DA:34,1
LF:6
LH:6
BRF:0
BRH:0
end_of_record
TN:
SF:/home/travis/build/camueller/SmartApplianceEnabler/src/main/angular/src/app/schedule/day-of-week.ts
FN:19,(anonymous_0)
FN:23,DayOfWeek
FNF:2
FNH:2
FNDA:1,(anonymous_0)
FNDA:5,DayOfWeek
DA:19,1
DA:20,5
DA:24,5
DA:26,1
LF:4
LH:4
BRF:0
BRH:0
end_of_record
TN:
SF:/home/travis/build/camueller/SmartApplianceEnabler/src/main/angular/src/app/schedule/day-timeframe.ts
FN:22,(anonymous_0)
FN:36,DayTimeframe
FN:24,(anonymous_2)
FNF:3
FNH:3
FNDA:1,(anonymous_0)
FNDA:3,DayTimeframe
FNDA:6,(anonymous_2)
DA:22,1
DA:24,1
DA:25,6
DA:28,3
DA:37,3
DA:39,1
LF:6
LH:6
BRF:0
BRH:0
end_of_record
TN:
SF:/home/travis/build/camueller/SmartApplianceEnabler/src/main/angular/src/app/schedule/energy-request.ts
FN:19,(anonymous_0)
FN:29,EnergyRequest
FN:21,(anonymous_2)
FNF:3
FNH:1
FNDA:1,(anonymous_0)
FNDA:0,EnergyRequest
FNDA:0,(anonymous_2)
DA:19,1
DA:21,1
DA:22,0
DA:25,0
DA:30,0
DA:32,1
LF:6
LH:3
BRF:0
BRH:0
end_of_record
TN:
SF:/home/travis/build/camueller/SmartApplianceEnabler/src/main/angular/src/app/schedule/runtime-request.ts
FN:19,(anonymous_0)
FN:31,RuntimeRequest
FN:21,(anonymous_2)
FNF:3
FNH:3
FNDA:1,(anonymous_0)
FNDA:5,RuntimeRequest
FNDA:9,(anonymous_2)
DA:19,1
DA:21,1
DA:22,9
DA:25,5
DA:32,5
DA:34,1
LF:6
LH:6
BRF:0
BRH:0
end_of_record
TN:
SF:/home/travis/build/camueller/SmartApplianceEnabler/src/main/angular/src/app/schedule/schedule-factory.ts
FN:32,(anonymous_0)
FN:34,ScheduleFactory
FN:37,(anonymous_2)
FN:45,(anonymous_3)
FN:91,(anonymous_4)
FN:116,(anonymous_5)
FN:169,(anonymous_6)
FN:184,(anonymous_7)
FN:189,(anonymous_8)
FN:194,(anonymous_9)
FN:208,(anonymous_10)
FNF:11
FNH:7
FNDA:1,(anonymous_0)
FNDA:4,ScheduleFactory
FNDA:0,(anonymous_2)
FNDA:1,(anonymous_3)
FNDA:2,(anonymous_4)
FNDA:0,(anonymous_5)
FNDA:2,(anonymous_6)
FNDA:0,(anonymous_7)
FNDA:0,(anonymous_8)
FNDA:1,(anonymous_9)
FNDA:1,(anonymous_10)
DA:19,1
DA:20,1
DA:21,1
DA:22,1
DA:23,1
DA:24,1
DA:25,1
DA:27,1
DA:28,1
DA:30,1
DA:32,1
DA:34,4
DA:37,1
DA:38,0
DA:39,0
DA:42,0
DA:45,1
DA:46,1
DA:47,1
DA:48,1
DA:49,1
DA:50,1
DA:51,1
DA:55,1
DA:56,1
DA:60,1
DA:61,1
DA:62,1
DA:63,1
DA:64,5
DA:67,0
DA:68,0
DA:69,0
DA:70,0
DA:74,0
DA:81,1
DA:83,1
DA:84,1
DA:85,1
DA:86,1
DA:87,1
DA:88,1
DA:91,1
DA:92,2
DA:93,2
DA:94,2
DA:95,2
DA:96,2
DA:97,2
DA:98,0
DA:99,0
DA:100,0
DA:101,0
DA:102,0
DA:103,0
DA:105,2
DA:106,1
DA:107,1
DA:108,1
DA:109,1
DA:110,1
DA:112,2
DA:113,2
DA:116,1
DA:117,0
DA:118,0
DA:119,0
DA:120,0
DA:121,0
DA:123,0
DA:124,0
DA:125,0
DA:126,0
DA:127,0
DA:129,0
DA:130,0
DA:132,0
DA:133,0
DA:134,0
DA:135,0
DA:137,0
DA:138,0
DA:140,0
DA:141,0
DA:142,0
DA:143,0
DA:145,0
DA:146,0
DA:150,0
DA:151,0
DA:152,0
DA:153,0
DA:154,0
DA:155,0
DA:156,0
DA:157,0
DA:158,0
DA:159,0
DA:160,0
DA:161,0
DA:163,0
DA:165,0
DA:166,0
DA:169,1
DA:170,2
DA:171,2
DA:173,2
DA:174,2
DA:175,2
DA:177,2
DA:178,2
DA:179,0
DA:181,2
DA:184,1
DA:185,0
DA:186,0
DA:189,1
DA:190,0
DA:191,0
DA:194,1
DA:195,1
DA:196,1
DA:197,1
DA:198,1
DA:199,1
DA:200,5
DA:203,1
DA:204,1
DA:205,1
DA:208,1
DA:209,1
DA:210,1
DA:211,1
DA:212,1
DA:213,1
DA:214,1
DA:215,1
DA:217,1
LF:138
LH:80
BRDA:47,0,0,1
BRDA:47,0,1,0
BRDA:50,1,0,1
BRDA:50,1,1,0
BRDA:55,2,0,1
BRDA:55,2,1,0
BRDA:62,3,0,1
BRDA:62,3,1,0
BRDA:67,4,0,0
BRDA:67,4,1,0
BRDA:95,5,0,2
BRDA:95,5,1,0
BRDA:98,6,0,0
BRDA:98,6,1,0
BRDA:101,7,0,0
BRDA:101,7,1,0
BRDA:105,8,0,1
BRDA:105,8,1,1
BRDA:108,9,0,1
BRDA:108,9,1,0
BRDA:124,10,0,0
BRDA:124,10,1,0
BRDA:126,11,0,0
BRDA:126,11,1,0
BRDA:126,12,0,0
BRDA:126,12,1,0
BRDA:129,13,0,0
BRDA:129,13,1,0
BRDA:129,14,0,0
BRDA:129,14,1,0
BRDA:132,15,0,0
BRDA:132,15,1,0
BRDA:134,16,0,0
BRDA:134,16,1,0
BRDA:134,17,0,0
BRDA:134,17,1,0
BRDA:137,18,0,0
BRDA:137,18,1,0
BRDA:137,19,0,0
BRDA:137,19,1,0
BRDA:140,20,0,0
BRDA:140,20,1,0
BRDA:142,21,0,0
BRDA:142,21,1,0
BRDA:142,22,0,0
BRDA:142,22,1,0
BRDA:145,23,0,0
BRDA:145,23,1,0
BRDA:145,24,0,0
BRDA:145,24,1,0
BRDA:151,25,0,0
BRDA:151,25,1,0
BRDA:156,26,0,0
BRDA:156,26,1,0
BRDA:174,27,0,2
BRDA:174,27,1,0
BRDA:178,28,0,0
BRDA:178,28,1,2
BRDA:198,29,0,1
BRDA:198,29,1,0
BRF:60
BRH:11
end_of_record
TN:
SF:/home/travis/build/camueller/SmartApplianceEnabler/src/main/angular/src/app/schedule/schedule-service.ts
FN:11,(anonymous_8)
FN:15,ScheduleService
FN:21,(anonymous_10)
FN:23,(anonymous_11)
FN:27,(anonymous_12)
FN:31,(anonymous_13)
FNF:6
FNH:6
FNDA:1,(anonymous_8)
FNDA:4,ScheduleService
FNDA:3,(anonymous_10)
FNDA:3,(anonymous_11)
FNDA:2,(anonymous_12)
FNDA:1,(anonymous_13)
DA:1,1
DA:2,1
DA:3,1
DA:6,1
DA:7,1
DA:8,1
DA:11,1
DA:15,4
DA:16,4
DA:17,4
DA:18,4
DA:21,3
DA:22,3
DA:24,3
DA:25,1
DA:27,2
DA:31,1
DA:32,1
DA:33,1
DA:34,1
DA:35,1
DA:37,1
LF:22
LH:22
BRDA:17,0,0,4
BRDA:17,0,1,4
BRDA:24,1,0,1
BRDA:24,1,1,2
BRF:4
BRH:4
end_of_record
TN:
SF:/home/travis/build/camueller/SmartApplianceEnabler/src/main/angular/src/app/schedule/schedule-testdata.ts
FN:6,(anonymous_0)
FN:8,(anonymous_2)
FN:69,(anonymous_3)
FN:90,(anonymous_4)
FN:130,(anonymous_5)
FNF:5
FNH:5
FNDA:1,(anonymous_0)
FNDA:2,(anonymous_2)
FNDA:2,(anonymous_3)
FNDA:1,(anonymous_4)
FNDA:1,(anonymous_5)
DA:1,1
DA:2,1
DA:3,1
DA:4,1
DA:6,1
DA:8,1
DA:9,2
DA:10,2
DA:11,2
DA:12,2
DA:13,1
DA:15,2
DA:21,2
DA:22,2
DA:23,2
DA:24,1
DA:25,1
DA:26,1
DA:28,2
DA:34,2
DA:40,2
DA:62,2
DA:63,1
DA:65,2
DA:66,2
DA:69,1
DA:70,2
DA:90,1
DA:91,1
DA:92,1
DA:93,1
DA:94,1
DA:95,0
DA:97,1
DA:103,1
DA:104,1
DA:105,1
DA:106,0
DA:107,0
DA:109,1
DA:116,1
DA:123,1
DA:124,0
DA:126,1
DA:127,1
DA:130,1
DA:131,1
DA:151,1
LF:48
LH:44
BRDA:12,0,0,1
BRDA:12,0,1,1
BRDA:23,1,0,1
BRDA:23,1,1,1
BRDA:62,2,0,1
BRDA:62,2,1,1
BRDA:94,3,0,0
BRDA:94,3,1,1
BRDA:105,4,0,0
BRDA:105,4,1,1
BRDA:123,5,0,0
BRDA:123,5,1,1
BRF:12
BRH:9
end_of_record
TN:
SF:/home/travis/build/camueller/SmartApplianceEnabler/src/main/angular/src/app/schedule/schedule.ts
FN:25,(anonymous_0)
FN:36,Schedule
FNF:2
FNH:2
FNDA:1,(anonymous_0)
FNDA:5,Schedule
DA:25,1
DA:26,5
DA:37,5
DA:39,1
LF:4
LH:4
BRF:0
BRH:0
end_of_record
TN:
SF:/home/travis/build/camueller/SmartApplianceEnabler/src/main/angular/src/app/schedule/soc-request.ts
FN:19,(anonymous_0)
FN:29,SocRequest
FN:21,(anonymous_2)
FNF:3
FNH:1
FNDA:1,(anonymous_0)
FNDA:0,SocRequest
FNDA:0,(anonymous_2)
DA:19,1
DA:21,1
DA:22,0
DA:25,0
DA:30,0
DA:32,1
LF:6
LH:3
BRF:0
BRH:0
end_of_record
TN:
SF:/home/travis/build/camueller/SmartApplianceEnabler/src/main/angular/src/app/schedule/time-of-day-of-week.ts
FN:19,(anonymous_0)
FN:26,TimeOfDayOfWeek
FNF:2
FNH:1
FNDA:1,(anonymous_0)
FNDA:0,TimeOfDayOfWeek
DA:19,1
DA:20,0
DA:27,0
DA:28,0
DA:29,0
DA:30,0
DA:32,1
LF:7
LH:2
BRF:0
BRH:0
end_of_record
TN:
SF:/home/travis/build/camueller/SmartApplianceEnabler/src/main/angular/src/app/schedule/time-of-day.ts
FN:19,(anonymous_0)
FN:25,TimeOfDay
FNF:2
FNH:2
FNDA:1,(anonymous_0)
FNDA:2,TimeOfDay
DA:19,1
DA:20,2
DA:26,2
DA:27,2
DA:28,2
DA:30,1
LF:6
LH:6
BRF:0
BRH:0
end_of_record
TN:
SF:/home/travis/build/camueller/SmartApplianceEnabler/src/main/angular/src/app/settings/info.ts
FN:1,(anonymous_0)
FN:5,Info
FNF:2
FNH:1
FNDA:1,(anonymous_0)
FNDA:0,Info
DA:1,1
DA:6,0
DA:8,1
LF:3
LH:2
BRF:0
BRH:0
end_of_record
TN:
SF:/home/travis/build/camueller/SmartApplianceEnabler/src/main/angular/src/app/settings/modbus-settings.ts
FN:19,(anonymous_0)
FN:24,ModbusSettings
FNF:2
FNH:2
FNDA:1,(anonymous_0)
FNDA:2,ModbusSettings
DA:19,1
DA:25,2
DA:27,1
LF:3
LH:3
BRF:0
BRH:0
end_of_record
TN:
SF:/home/travis/build/camueller/SmartApplianceEnabler/src/main/angular/src/app/settings/settings-defaults.ts
FN:1,(anonymous_0)
FN:10,SettingsDefaults
FNF:2
FNH:2
FNDA:1,(anonymous_0)
FNDA:2,SettingsDefaults
DA:1,1
DA:11,2
DA:13,1
LF:3
LH:3
BRF:0
BRH:0
end_of_record
TN:
SF:/home/travis/build/camueller/SmartApplianceEnabler/src/main/angular/src/app/settings/settings-factory.ts
FN:25,(anonymous_0)
FN:27,SettingsFactory
FN:30,(anonymous_2)
FN:34,(anonymous_3)
FN:43,(anonymous_4)
FN:57,(anonymous_5)
FN:61,(anonymous_6)
FN:69,(anonymous_7)
FN:85,(anonymous_8)
FNF:9
FNH:5
FNDA:1,(anonymous_0)
FNDA:3,SettingsFactory
FNDA:0,(anonymous_2)
FNDA:0,(anonymous_3)
FNDA:1,(anonymous_4)
FNDA:0,(anonymous_5)
FNDA:2,(anonymous_6)
FNDA:1,(anonymous_7)
FNDA:0,(anonymous_8)
DA:19,1
DA:20,1
DA:22,1
DA:23,1
DA:25,1
DA:27,3
DA:30,1
DA:31,0
DA:34,1
DA:35,0
DA:36,0
DA:37,0
DA:38,0
DA:39,0
DA:40,0
DA:43,1
DA:44,1
DA:45,1
DA:46,1
DA:47,1
DA:48,1
DA:49,1
DA:50,1
DA:51,1
DA:52,1
DA:53,1
DA:54,1
DA:57,1
DA:58,0
DA:61,1
DA:62,2
DA:63,2
DA:64,2
DA:65,2
DA:67,2
DA:68,2
DA:69,1
DA:70,1
DA:71,1
DA:72,1
DA:73,1
DA:74,1
DA:78,2
DA:79,2
DA:81,2
DA:82,2
DA:85,1
DA:86,0
DA:87,0
DA:88,0
DA:89,0
DA:91,1
LF:52
LH:40
BRDA:68,0,0,1
BRDA:68,0,1,1
BRF:2
BRH:2
end_of_record
TN:
SF:/home/travis/build/camueller/SmartApplianceEnabler/src/main/angular/src/app/settings/settings-service.ts
FN:13,(anonymous_8)
FN:17,SettingsService
FN:23,(anonymous_10)
FN:25,(anonymous_11)
FN:28,(anonymous_12)
FN:30,(anonymous_13)
FN:33,(anonymous_14)
FN:40,(anonymous_15)
FN:42,(anonymous_16)
FNF:9
FNH:6
FNDA:1,(anonymous_8)
FNDA:3,SettingsService
FNDA:1,(anonymous_10)
FNDA:1,(anonymous_11)
FNDA:2,(anonymous_12)
FNDA:2,(anonymous_13)
FNDA:0,(anonymous_14)
FNDA:0,(anonymous_15)
FNDA:0,(anonymous_16)
DA:1,1
DA:2,1
DA:5,1
DA:7,1
DA:8,1
DA:10,1
DA:13,1
DA:17,3
DA:18,3
DA:19,3
DA:20,3
DA:23,1
DA:24,1
DA:25,1
DA:28,2
DA:29,2
DA:30,2
DA:33,1
DA:34,0
DA:35,0
DA:36,0
DA:37,0
DA:40,1
DA:41,0
DA:42,0
DA:44,1
LF:26
LH:20
BRDA:19,0,0,3
BRDA:19,0,1,3
BRF:2
BRH:2
end_of_record
TN:
SF:/home/travis/build/camueller/SmartApplianceEnabler/src/main/angular/src/app/settings/settings-testdata.ts
FN:5,(anonymous_0)
FN:7,(anonymous_2)
FN:20,(anonymous_3)
FN:32,(anonymous_4)
FN:43,(anonymous_5)
FN:53,(anonymous_6)
FN:68,(anonymous_7)
FNF:7
FNH:7
FNDA:1,(anonymous_0)
FNDA:1,(anonymous_2)
FNDA:1,(anonymous_3)
FNDA:1,(anonymous_4)
FNDA:1,(anonymous_5)
FNDA:1,(anonymous_6)
FNDA:1,(anonymous_7)
DA:1,1
DA:2,1
DA:3,1
DA:5,1
DA:7,1
DA:8,1
DA:20,1
DA:21,1
DA:32,1
DA:33,1
DA:43,1
DA:44,1
DA:53,1
DA:54,1
DA:68,1
DA:69,1
DA:82,1
LF:17
LH:17
BRF:0
BRH:0
end_of_record
TN:
SF:/home/travis/build/camueller/SmartApplianceEnabler/src/main/angular/src/app/settings/settings.ts
FN:21,(anonymous_0)
FN:30,Settings
FNF:2
FNH:2
FNDA:1,(anonymous_0)
FNDA:4,Settings
DA:21,1
DA:31,4
DA:33,1
LF:3
LH:3
BRF:0
BRH:0
end_of_record
TN:
SF:/home/travis/build/camueller/SmartApplianceEnabler/src/main/angular/src/app/shared/dialog.service.ts
FN:15,(anonymous_1)
FN:20,(anonymous_3)
FNF:2
FNH:2
FNDA:9,(anonymous_1)
FNDA:1,(anonymous_3)
DA:6,1
DA:7,1
DA:15,1
DA:20,1
DA:21,1
DA:22,1
DA:24,1
LF:7
LH:7
BRF:0
BRH:0
end_of_record
TN:
SF:/home/travis/build/camueller/SmartApplianceEnabler/src/main/angular/src/app/shared/error-message-handler.ts
FN:6,(anonymous_0)
FN:8,ErrorMessageHandler
FN:11,(anonymous_2)
FN:29,(anonymous_3)
FN:68,(anonymous_4)
FNF:5
FNH:3
FNDA:1,(anonymous_0)
FNDA:8,ErrorMessageHandler
FNDA:202,(anonymous_2)
FNDA:0,(anonymous_3)
FNDA:0,(anonymous_4)
DA:1,1
DA:3,1
DA:6,1
DA:8,8
DA:11,1
DA:13,404
DA:14,202
DA:15,1616
DA:16,1616
DA:17,1616
DA:19,1
DA:22,202
DA:23,202
DA:24,1
DA:26,202
DA:29,1
DA:30,0
DA:31,0
DA:32,0
DA:33,0
DA:34,0
DA:35,0
DA:36,0
DA:37,0
DA:38,0
DA:39,0
DA:42,0
DA:43,0
DA:53,0
DA:54,0
DA:55,0
DA:65,0
DA:68,1
DA:70,0
DA:72,0
DA:75,1
LF:36
LH:18
BRDA:13,0,0,202
BRDA:13,0,1,0
BRDA:17,1,0,1
BRDA:17,1,1,1615
BRDA:17,2,0,1616
BRDA:17,2,1,848
BRDA:17,2,2,49
BRDA:17,2,3,2
BRDA:17,2,4,1
BRDA:23,3,0,1
BRDA:23,3,1,201
BRDA:34,4,0,0
BRDA:34,4,1,0
BRDA:36,5,0,0
BRDA:36,5,1,0
BRDA:54,6,0,0
BRDA:54,6,1,0
BRDA:70,7,0,0
BRDA:70,7,1,0
BRDA:70,8,0,0
BRDA:70,8,1,0
BRDA:70,8,2,0
BRDA:70,8,3,0
BRDA:70,8,4,0
BRF:24
BRH:10
end_of_record
TN:
SF:/home/travis/build/camueller/SmartApplianceEnabler/src/main/angular/src/app/shared/error-message.ts
FN:19,(anonymous_0)
FN:24,(anonymous_1)
FN:28,ErrorMessage
FNF:3
FNH:3
FNDA:1,(anonymous_0)
FNDA:1,(anonymous_1)
FNDA:64,ErrorMessage
DA:19,1
DA:20,1
DA:21,1
DA:24,1
DA:29,64
DA:30,64
DA:32,1
LF:7
LH:7
BRDA:19,0,0,1
BRDA:19,0,1,1
BRF:2
BRH:2
end_of_record
TN:
SF:/home/travis/build/camueller/SmartApplianceEnabler/src/main/angular/src/app/shared/error-messages.ts
FN:22,(anonymous_0)
FN:24,ErrorMessages
FN:26,(anonymous_2)
FN:27,(anonymous_3)
FN:29,(anonymous_4)
FN:35,(anonymous_5)
FN:41,(anonymous_6)
FNF:7
FNH:7
FNDA:1,(anonymous_0)
FNDA:8,ErrorMessages
FNDA:64,(anonymous_2)
FNDA:8,(anonymous_3)
FNDA:64,(anonymous_4)
FNDA:128,(anonymous_5)
FNDA:202,(anonymous_6)
DA:19,1
DA:22,1
DA:24,8
DA:25,8
DA:26,64
DA:27,8
DA:29,8
DA:30,64
DA:35,1
DA:36,128
DA:38,128
DA:41,1
DA:42,202
DA:45,1
LF:14
LH:14
BRF:0
BRH:0
end_of_record
TN:
SF:/home/travis/build/camueller/SmartApplianceEnabler/src/main/angular/src/app/shared/http-error-interceptor.ts
FN:8,(anonymous_4)
FN:10,ErrorInterceptor
FN:13,(anonymous_6)
FN:14,(anonymous_7)
FNF:4
FNH:4
FNDA:1,(anonymous_4)
FNDA:27,ErrorInterceptor
FNDA:27,(anonymous_6)
FNDA:5,(anonymous_7)
DA:1,1
DA:3,1
DA:4,1
DA:5,1
DA:8,1
DA:10,27
DA:13,27
DA:14,27
DA:15,5
DA:16,0
DA:18,5
DA:20,5
DA:23,1
LF:13
LH:12
BRDA:15,0,0,0
BRDA:15,0,1,5
BRF:2
BRH:1
end_of_record
TN:
SF:/home/travis/build/camueller/SmartApplianceEnabler/src/main/angular/src/app/shared/input-validator-patterns.ts
FN:19,(anonymous_0)
FNF:1
FNH:1
FNDA:1,(anonymous_0)
DA:19,1
DA:20,1
DA:21,1
DA:22,1
DA:24,1
DA:25,1
DA:27,1
DA:28,1
DA:30,1
DA:31,1
LF:10
LH:10
BRF:0
BRH:0
end_of_record
TN:
SF:/home/travis/build/camueller/SmartApplianceEnabler/src/main/angular/src/app/shared/json-util.ts
FN:1,stringyfyWithoutFalsyNumbers
FN:3,(anonymous_1)
FNF:2
FNH:2
FNDA:2,stringyfyWithoutFalsyNumbers
FNDA:24,(anonymous_1)
DA:1,1
DA:2,2
DA:3,2
DA:4,24
DA:5,0
DA:8,2
LF:6
LH:5
BRDA:4,0,0,0
BRDA:4,0,1,24
BRF:2
BRH:1
end_of_record
TN:
SF:/home/travis/build/camueller/SmartApplianceEnabler/src/main/angular/src/app/shared/modbus-register-confguration.ts
FN:1,(anonymous_0)
FN:12,ModbusRegisterConfguration
FNF:2
FNH:1
FNDA:1,(anonymous_0)
FNDA:0,ModbusRegisterConfguration
DA:1,1
DA:13,0
DA:15,1
LF:3
LH:2
BRF:0
BRH:0
end_of_record
TN:
SF:/home/travis/build/camueller/SmartApplianceEnabler/src/main/angular/src/app/shared/modbus-register-read-value.ts
FN:1,(anonymous_0)
FN:10,ModbusRegisterReadValue
FN:2,(anonymous_2)
FNF:3
FNH:1
FNDA:1,(anonymous_0)
FNDA:0,ModbusRegisterReadValue
FNDA:0,(anonymous_2)
DA:1,1
DA:2,1
DA:3,0
DA:6,0
DA:11,0
DA:14,1
LF:6
LH:3
BRF:0
BRH:0
end_of_record
TN:
SF:/home/travis/build/camueller/SmartApplianceEnabler/src/main/angular/src/app/shared/modbus-register-read.ts
FN:3,(anonymous_0)
FN:17,ModbusRegisterRead
FN:4,(anonymous_2)
FNF:3
FNH:1
FNDA:1,(anonymous_0)
FNDA:0,ModbusRegisterRead
FNDA:0,(anonymous_2)
DA:3,1
DA:4,1
DA:5,0
DA:8,0
DA:18,0
DA:20,1
LF:6
LH:3
BRF:0
BRH:0
end_of_record
TN:
SF:/home/travis/build/camueller/SmartApplianceEnabler/src/main/angular/src/app/shared/modbus-register-write-value.ts
FN:1,(anonymous_0)
FN:11,ModbusRegisterWriteValue
FN:3,(anonymous_2)
FNF:3
FNH:1
FNDA:1,(anonymous_0)
FNDA:0,ModbusRegisterWriteValue
FNDA:0,(anonymous_2)
DA:1,1
DA:3,1
DA:4,0
DA:7,0
DA:12,0
DA:14,1
LF:6
LH:3
BRF:0
BRH:0
end_of_record
TN:
SF:/home/travis/build/camueller/SmartApplianceEnabler/src/main/angular/src/app/shared/modbus-register-write.ts
FN:3,(anonymous_0)
FN:15,ModbusRegisterWrite
FN:5,(anonymous_2)
FNF:3
FNH:1
FNDA:1,(anonymous_0)
FNDA:0,ModbusRegisterWrite
FNDA:0,(anonymous_2)
DA:3,1
DA:5,1
DA:6,0
DA:9,0
DA:16,0
DA:18,1
LF:6
LH:3
BRF:0
BRH:0
end_of_record
TN:
SF:/home/travis/build/camueller/SmartApplianceEnabler/src/main/angular/src/app/shared/sae-service.ts
FN:4,(anonymous_0)
FN:12,SaeService
FNF:2
FNH:2
FNDA:1,(anonymous_0)
FNDA:27,SaeService
DA:1,1
DA:2,1
DA:4,1
DA:5,1
DA:6,1
DA:7,1
DA:8,1
DA:9,27
DA:10,27
DA:12,27
DA:14,1
LF:11
LH:11
BRDA:5,0,0,1
BRDA:5,0,1,0
BRF:2
BRH:1
end_of_record
TN:
SF:/home/travis/build/camueller/SmartApplianceEnabler/src/main/angular/src/app/shared/time-util.ts
FN:4,(anonymous_0)
FN:6,(anonymous_2)
FN:10,(anonymous_3)
FN:34,(anonymous_4)
FN:42,(anonymous_5)
FN:46,(anonymous_6)
FN:50,(anonymous_7)
FN:55,(anonymous_8)
FN:59,(anonymous_9)
FN:74,(anonymous_10)
FN:79,(anonymous_11)
FN:83,(anonymous_12)
FN:88,(anonymous_13)
FN:93,(anonymous_14)
FNF:14
FNH:8
FNDA:1,(anonymous_0)
FNDA:4,(anonymous_2)
FNDA:10,(anonymous_3)
FNDA:0,(anonymous_4)
FNDA:4,(anonymous_5)
FNDA:0,(anonymous_6)
FNDA:1,(anonymous_7)
FNDA:0,(anonymous_8)
FNDA:4,(anonymous_9)
FNDA:0,(anonymous_10)
FNDA:0,(anonymous_11)
FNDA:1,(anonymous_12)
FNDA:0,(anonymous_13)
FNDA:8,(anonymous_14)
DA:1,1
DA:4,1
DA:6,1
DA:7,4
DA:10,1
DA:11,10
DA:12,10
DA:13,10
DA:14,10
DA:15,10
DA:16,10
DA:17,6
DA:18,6
DA:19,2
DA:20,2
DA:21,2
DA:22,1
DA:23,1
DA:27,10
DA:28,10
DA:29,3
DA:31,10
DA:34,1
DA:35,0
DA:36,0
DA:37,0
DA:39,0
DA:42,1
DA:43,4
DA:46,1
DA:47,0
DA:50,1
DA:51,1
DA:52,1
DA:55,1
DA:56,0
DA:59,1
DA:60,4
DA:61,1
DA:63,3
DA:64,15
DA:66,3
DA:67,3
DA:68,3
DA:69,3
DA:70,3
DA:71,3
DA:74,1
DA:75,0
DA:76,0
DA:79,1
DA:80,0
DA:83,1
DA:84,1
DA:85,1
DA:88,1
DA:89,0
DA:90,0
DA:93,1
DA:94,8
DA:95,8
DA:96,8
DA:99,1
LF:63
LH:52
BRDA:16,0,0,6
BRDA:16,0,1,4
BRDA:18,1,0,2
BRDA:18,1,1,4
BRDA:21,2,0,1
BRDA:21,2,1,1
BRDA:28,3,0,3
BRDA:28,3,1,7
BRDA:35,4,0,0
BRDA:35,4,1,0
BRDA:60,5,0,1
BRDA:60,5,1,3
BRDA:60,6,0,4
BRDA:60,6,1,3
BRDA:95,7,0,13
BRDA:95,7,1,0
BRF:16
BRH:13
end_of_record
TN:
SF:/home/travis/build/camueller/SmartApplianceEnabler/src/main/angular/src/app/status/status-factory.ts
FN:4,(anonymous_0)
FN:6,StatusFactory
FN:9,(anonymous_2)
FNF:3
FNH:3
FNDA:1,(anonymous_0)
FNDA:1,StatusFactory
FNDA:2,(anonymous_2)
DA:1,1
DA:4,1
DA:6,1
DA:9,1
DA:10,2
DA:11,2
DA:12,2
DA:13,2
DA:15,1
LF:9
LH:9
BRF:0
BRH:0
end_of_record
TN:
SF:/home/travis/build/camueller/SmartApplianceEnabler/src/main/angular/src/app/status/status.service.ts
FN:11,(anonymous_8)
FN:15,StatusService
FN:21,(anonymous_10)
FN:23,(anonymous_11)
FN:25,(anonymous_12)
FN:29,(anonymous_13)
FN:33,(anonymous_14)
FN:36,(anonymous_15)
FN:42,(anonymous_16)
FN:46,(anonymous_17)
FN:49,(anonymous_18)
FN:65,(anonymous_19)
FNF:12
FNH:5
FNDA:1,(anonymous_8)
FNDA:1,StatusService
FNDA:1,(anonymous_10)
FNDA:1,(anonymous_11)
FNDA:2,(anonymous_12)
FNDA:0,(anonymous_13)
FNDA:0,(anonymous_14)
FNDA:0,(anonymous_15)
FNDA:0,(anonymous_16)
FNDA:0,(anonymous_17)
FNDA:0,(anonymous_18)
FNDA:0,(anonymous_19)
DA:1,1
DA:3,1
DA:4,1
DA:6,1
DA:7,1
DA:8,1
DA:11,1
DA:15,1
DA:16,1
DA:17,1
DA:18,1
DA:21,1
DA:22,1
DA:24,1
DA:25,2
DA:29,1
DA:30,0
DA:31,0
DA:32,0
DA:33,0
DA:36,1
DA:37,0
DA:38,0
DA:39,0
DA:42,1
DA:43,0
DA:44,0
DA:45,0
DA:46,0
DA:49,1
DA:51,0
DA:52,0
DA:53,0
DA:55,0
DA:56,0
DA:58,0
DA:59,0
DA:61,0
DA:62,0
DA:65,1
DA:66,0
DA:67,0
DA:69,0
DA:70,0
DA:71,0
DA:74,1
LF:46
LH:21
BRDA:17,0,0,1
BRDA:17,0,1,1
BRDA:52,1,0,0
BRDA:52,1,1,0
BRDA:55,2,0,0
BRDA:55,2,1,0
BRDA:58,3,0,0
BRDA:58,3,1,0
BRF:8
BRH:2
end_of_record
TN:
SF:/home/travis/build/camueller/SmartApplianceEnabler/src/main/angular/src/app/status/status.ts
FN:1,(anonymous_0)
FN:28,Status
FNF:2
FNH:2
FNDA:1,(anonymous_0)
FNDA:4,Status
DA:1,1
DA:29,4
DA:31,1
LF:3
LH:3
BRF:0
BRH:0
end_of_record
TN:
SF:/home/travis/build/camueller/SmartApplianceEnabler/src/main/angular/src/app/status/traffic-light.ts
FN:1,(anonymous_0)
FNF:1
FNH:1
FNDA:1,(anonymous_0)
DA:1,1
DA:2,1
DA:3,1
DA:4,1
DA:5,1
LF:5
LH:5
BRDA:1,0,0,1
BRDA:1,0,1,1
BRF:2
BRH:2
end_of_record
TN:
SF:/home/travis/build/camueller/SmartApplianceEnabler/src/main/angular/src/app/status-edit/status-edit.component.ts
FN:16,(anonymous_2)
FN:26,(anonymous_3)
FN:41,(anonymous_4)
FN:49,StatusEditComponent
FN:51,(anonymous_6)
FN:57,(anonymous_7)
FN:64,(anonymous_8)
FN:71,(anonymous_9)
FN:75,(anonymous_10)
FN:79,(anonymous_11)
FNF:10
FNH:7
FNDA:2,(anonymous_2)
FNDA:0,(anonymous_3)
FNDA:1,(anonymous_4)
FNDA:2,StatusEditComponent
FNDA:2,(anonymous_6)
FNDA:2,(anonymous_7)
FNDA:7,(anonymous_8)
FNDA:2,(anonymous_9)
FNDA:0,(anonymous_10)
FNDA:0,(anonymous_11)
DA:1,1
DA:2,1
DA:3,1
DA:4,1
DA:5,1
DA:15,1
DA:16,2
DA:17,2
DA:18,2
DA:20,2
DA:21,2
DA:22,2
DA:23,2
DA:24,2
DA:25,2
DA:26,2
DA:27,0
DA:28,0
DA:33,2
DA:41,1
DA:43,1
DA:45,2
DA:47,2
DA:49,2
DA:51,2
DA:52,2
DA:57,2
DA:58,2
DA:59,2
DA:61,2
DA:64,1
DA:65,7
DA:66,2
DA:67,2
DA:71,1
DA:72,2
DA:75,1
DA:76,0
DA:77,0
DA:78,0
DA:79,0
DA:81,1
LF:42
LH:36
BRDA:21,0,0,2
BRDA:21,0,1,0
BRDA:23,1,0,2
BRDA:23,1,1,0
BRDA:25,2,0,2
BRDA:25,2,1,0
BRDA:65,3,0,2
BRDA:65,3,1,5
BRF:8
BRH:5
end_of_record
TN:
SF:/home/travis/build/camueller/SmartApplianceEnabler/src/main/angular/src/app/status-view/status-view.component.ts
FN:12,(anonymous_2)
FN:20,StatusViewComponent
FN:22,(anonymous_4)
FN:30,(anonymous_5)
FN:33,(anonymous_6)
FN:37,(anonymous_7)
FN:41,(anonymous_8)
FN:45,(anonymous_9)
FN:52,(anonymous_10)
FN:59,(anonymous_11)
FN:66,(anonymous_12)
FNF:11
FNH:9
FNDA:1,(anonymous_2)
FNDA:1,StatusViewComponent
FNDA:1,(anonymous_4)
FNDA:1,(anonymous_5)
FNDA:2,(anonymous_6)
FNDA:2,(anonymous_7)
FNDA:4,(anonymous_8)
FNDA:2,(anonymous_9)
FNDA:0,(anonymous_10)
FNDA:0,(anonymous_11)
FNDA:2,(anonymous_12)
DA:1,1
DA:2,1
DA:3,1
DA:4,1
DA:5,1
DA:12,1
DA:15,1
DA:17,1
DA:20,1
DA:22,1
DA:23,1
DA:30,1
DA:33,1
DA:34,2
DA:37,1
DA:38,2
DA:41,1
DA:42,4
DA:45,1
DA:46,2
DA:47,0
DA:49,2
DA:52,1
DA:53,0
DA:54,0
DA:56,0
DA:59,1
DA:60,0
DA:61,0
DA:63,0
DA:66,1
DA:67,2
DA:68,2
DA:70,0
DA:72,1
LF:35
LH:27
BRDA:46,0,0,0
BRDA:46,0,1,2
BRDA:53,1,0,0
BRDA:53,1,1,0
BRDA:60,2,0,0
BRDA:60,2,1,0
BRDA:67,3,0,2
BRDA:67,3,1,0
BRF:8
BRH:2
end_of_record
TN:
SF:/home/travis/build/camueller/SmartApplianceEnabler/src/main/angular/src/app/testing/fake-translate-loader.ts
FN:4,(anonymous_0)
FN:6,FakeTranslateLoader
FN:8,(anonymous_2)
FNF:3
FNH:3
FNDA:1,(anonymous_0)
FNDA:3,FakeTranslateLoader
FNDA:3,(anonymous_2)
DA:2,1
DA:4,1
DA:6,3
DA:8,1
DA:9,3
DA:11,1
LF:6
LH:6
BRF:0
BRH:0
end_of_record
TN:
SF:/home/travis/build/camueller/SmartApplianceEnabler/src/main/angular/src/app/testing/form-util.ts
FN:21,(anonymous_0)
FN:23,(anonymous_2)
FN:30,(anonymous_3)
FN:34,(anonymous_4)
FNF:4
FNH:2
FNDA:1,(anonymous_0)
FNDA:9,(anonymous_2)
FNDA:0,(anonymous_3)
FNDA:0,(anonymous_4)
DA:18,1
DA:21,1
DA:23,1
DA:24,9
DA:25,9
DA:26,9
DA:27,9
DA:30,1
DA:31,0
DA:32,0
DA:33,0
DA:34,0
DA:35,0
DA:36,0
DA:37,0
DA:42,1
LF:16
LH:9
BRDA:36,0,0,0
BRDA:36,0,1,0
BRF:2
BRH:0
end_of_record
TN:
SF:/home/travis/build/camueller/SmartApplianceEnabler/src/main/angular/src/app/testing/router-stubs.ts
FN:6,(anonymous_1)
FN:5,ActivatedRouteStub
FN:14,(anonymous_3)
FN:15,(anonymous_4)
FN:21,(anonymous_5)
FN:31,(anonymous_6)
FN:32,(anonymous_7)
FN:38,(anonymous_8)
FNF:8
FNH:8
FNDA:1,(anonymous_1)
FNDA:8,ActivatedRouteStub
FNDA:16,(anonymous_3)
FNDA:8,(anonymous_4)
FNDA:8,(anonymous_5)
FNDA:8,(anonymous_6)
FNDA:8,(anonymous_7)
FNDA:8,(anonymous_8)
DA:1,1
DA:2,1
DA:3,1
DA:6,1
DA:9,8
DA:10,8
DA:14,16
DA:16,8
DA:17,8
DA:21,1
DA:22,8
DA:27,8
DA:31,8
DA:33,8
DA:34,8
DA:38,1
DA:39,8
DA:41,1
LF:18
LH:18
BRF:0
BRH:0
end_of_record
TN:
SF:/home/travis/build/camueller/SmartApplianceEnabler/src/main/angular/src/environments/environment.ts
FNF:0
FNH:0
DA:6,1
LF:1
LH:1
BRF:0
BRH:0
end_of_record
