TN:
SF:/data/IdeaProjects/SmartApplianceEnabler/src/main/angular/src/polyfills.ts
FNF:0
FNH:0
DA:41,1
DA:42,1
DA:56,1
LF:3
LH:3
BRF:0
BRH:0
end_of_record
TN:
SF:/data/IdeaProjects/SmartApplianceEnabler/src/main/angular/src/test.ts
FN:20,(anonymous_0)
FNF:1
FNH:1
FNDA:1,(anonymous_0)
DA:3,1
DA:4,1
DA:5,1
DA:6,1
DA:7,1
DA:8,1
DA:9,1
DA:10,1
DA:20,1
DA:23,1
DA:28,1
DA:30,1
DA:32,1
LF:13
LH:13
BRF:0
BRH:0
end_of_record
TN:
SF:/data/IdeaProjects/SmartApplianceEnabler/src/main/angular/src/app/appliance/appliance-factory.ts
FN:23,(anonymous_0)
FN:25,(anonymous_2)
FN:29,(anonymous_3)
FN:41,(anonymous_4)
FN:58,(anonymous_5)
FNF:5
FNH:3
FNDA:1,(anonymous_0)
FNDA:0,(anonymous_2)
FNDA:0,(anonymous_3)
FNDA:1,(anonymous_4)
FNDA:2,(anonymous_5)
DA:19,1
DA:20,1
DA:23,1
DA:25,1
DA:26,0
DA:29,1
DA:30,0
DA:31,0
DA:32,0
DA:33,0
DA:34,0
DA:35,0
DA:36,0
DA:37,0
DA:38,0
DA:41,1
DA:42,1
DA:43,1
DA:44,1
DA:45,1
DA:46,1
DA:47,1
DA:48,1
DA:50,1
DA:51,1
DA:52,1
DA:54,1
DA:55,1
DA:58,1
DA:59,2
DA:61,1
LF:31
LH:21
BRF:0
BRH:0
end_of_record
TN:
SF:/data/IdeaProjects/SmartApplianceEnabler/src/main/angular/src/app/appliance/appliance-header.ts
FN:19,(anonymous_0)
FNF:1
FNH:1
FNDA:1,(anonymous_0)
DA:19,1
DA:25,1
LF:2
LH:2
BRF:0
BRH:0
end_of_record
TN:
SF:/data/IdeaProjects/SmartApplianceEnabler/src/main/angular/src/app/appliance/appliance-testdata.ts
FN:3,(anonymous_0)
FN:5,(anonymous_2)
FN:9,(anonymous_3)
FNF:3
FNH:3
FNDA:1,(anonymous_0)
FNDA:21,(anonymous_2)
FNDA:3,(anonymous_3)
DA:1,1
DA:3,1
DA:5,1
DA:6,21
DA:9,1
DA:10,3
DA:21,1
LF:7
LH:7
BRF:0
BRH:0
end_of_record
TN:
SF:/data/IdeaProjects/SmartApplianceEnabler/src/main/angular/src/app/appliance/appliance.service.ts
FN:31,(anonymous_7)
FN:33,ApplianceService
FN:37,(anonymous_9)
FN:39,(anonymous_10)
FN:41,(anonymous_11)
FN:45,(anonymous_12)
FN:47,(anonymous_13)
FN:50,(anonymous_14)
FN:58,(anonymous_15)
FNF:9
FNH:6
FNDA:1,(anonymous_7)
FNDA:6,ApplianceService
FNDA:0,(anonymous_9)
FNDA:0,(anonymous_10)
FNDA:0,(anonymous_11)
FNDA:2,(anonymous_12)
FNDA:1,(anonymous_13)
FNDA:2,(anonymous_14)
FNDA:2,(anonymous_15)
DA:19,1
DA:21,1
DA:22,1
DA:24,1
DA:25,1
DA:27,1
DA:28,1
DA:31,1
DA:33,6
DA:34,6
DA:37,1
DA:38,0
DA:40,0
DA:41,0
DA:45,1
DA:46,2
DA:47,1
DA:50,1
DA:51,2
DA:52,2
DA:53,2
DA:54,2
DA:58,1
DA:59,2
DA:60,2
DA:61,2
DA:63,1
LF:27
LH:24
BRDA:34,0,0,6
BRDA:34,0,1,6
BRF:2
BRH:2
end_of_record
TN:
SF:/data/IdeaProjects/SmartApplianceEnabler/src/main/angular/src/app/appliance/appliance.ts
FN:19,(anonymous_0)
FN:29,Appliance
FNF:2
FNH:2
FNDA:1,(anonymous_0)
FNDA:4,Appliance
DA:19,1
DA:30,4
DA:32,1
LF:3
LH:3
BRF:0
BRH:0
end_of_record
TN:
SF:/data/IdeaProjects/SmartApplianceEnabler/src/main/angular/src/app/control/always-on-switch.ts
FN:19,(anonymous_0)
FN:21,(anonymous_2)
FNF:2
FNH:2
FNDA:1,(anonymous_0)
FNDA:6,(anonymous_2)
DA:19,1
DA:21,1
DA:22,6
DA:25,0
DA:26,1
LF:5
LH:4
BRF:0
BRH:0
end_of_record
TN:
SF:/data/IdeaProjects/SmartApplianceEnabler/src/main/angular/src/app/control/control-defaults.ts
FN:1,(anonymous_0)
FN:7,ControlDefaults
FNF:2
FNH:2
FNDA:1,(anonymous_0)
FNDA:2,ControlDefaults
DA:1,1
DA:8,2
DA:10,1
LF:3
LH:3
BRF:0
BRH:0
end_of_record
TN:
SF:/data/IdeaProjects/SmartApplianceEnabler/src/main/angular/src/app/control/control-factory.ts
FN:28,(anonymous_0)
FN:30,(anonymous_2)
FN:45,(anonymous_3)
FN:49,(anonymous_4)
FN:63,(anonymous_5)
FN:92,(anonymous_6)
FN:109,(anonymous_7)
FN:124,(anonymous_8)
FN:128,(anonymous_9)
FN:132,(anonymous_10)
FN:141,(anonymous_11)
FN:148,(anonymous_12)
FN:155,(anonymous_13)
FNF:13
FNH:8
FNDA:1,(anonymous_0)
FNDA:1,(anonymous_2)
FNDA:0,(anonymous_3)
FNDA:3,(anonymous_4)
FNDA:3,(anonymous_5)
FNDA:3,(anonymous_6)
FNDA:3,(anonymous_7)
FNDA:0,(anonymous_8)
FNDA:0,(anonymous_9)
FNDA:1,(anonymous_10)
FNDA:2,(anonymous_11)
FNDA:0,(anonymous_12)
FNDA:0,(anonymous_13)
DA:19,1
DA:20,1
DA:21,1
DA:22,1
DA:23,1
DA:24,1
DA:25,1
DA:26,1
DA:28,1
DA:30,1
DA:31,1
DA:32,1
DA:33,1
DA:35,1
DA:37,1
DA:39,1
DA:41,1
DA:42,1
DA:45,1
DA:46,0
DA:49,1
DA:50,3
DA:51,3
DA:52,3
DA:53,1
DA:54,1
DA:55,1
DA:57,2
DA:59,3
DA:60,3
DA:63,1
DA:64,3
DA:66,3
DA:67,0
DA:68,0
DA:69,0
DA:70,0
DA:72,0
DA:73,0
DA:75,0
DA:76,0
DA:78,0
DA:79,0
DA:82,3
DA:85,3
DA:86,2
DA:88,3
DA:89,3
DA:92,1
DA:93,3
DA:94,3
DA:95,3
DA:96,0
DA:97,3
DA:98,0
DA:99,3
DA:100,2
DA:101,1
DA:102,0
DA:103,1
DA:104,0
DA:109,1
DA:110,3
DA:111,0
DA:112,3
DA:113,0
DA:114,3
DA:115,2
DA:116,1
DA:117,0
DA:118,1
DA:119,0
DA:121,1
DA:124,1
DA:125,0
DA:128,1
DA:129,0
DA:132,1
DA:133,1
DA:134,1
DA:135,1
DA:136,1
DA:137,1
DA:138,1
DA:141,1
DA:142,2
DA:143,2
DA:144,2
DA:145,2
DA:148,1
DA:149,0
DA:150,0
DA:151,0
DA:152,0
DA:155,1
DA:156,0
DA:157,0
DA:158,0
DA:159,0
DA:160,0
DA:161,0
DA:162,0
DA:163,0
DA:164,0
DA:166,1
LF:105
LH:71
BRDA:52,0,0,1
BRDA:52,0,1,2
BRDA:66,1,0,0
BRDA:66,1,1,3
BRDA:69,2,0,0
BRDA:69,2,1,0
BRDA:72,3,0,0
BRDA:72,3,1,0
BRDA:75,4,0,0
BRDA:75,4,1,0
BRDA:78,5,0,0
BRDA:78,5,1,0
BRDA:85,6,0,2
BRDA:85,6,1,1
BRDA:93,7,0,3
BRDA:93,7,1,0
BRDA:95,8,0,0
BRDA:95,8,1,3
BRDA:97,9,0,0
BRDA:97,9,1,3
BRDA:99,10,0,2
BRDA:99,10,1,1
BRDA:101,11,0,0
BRDA:101,11,1,1
BRDA:103,12,0,0
BRDA:103,12,1,1
BRDA:110,13,0,0
BRDA:110,13,1,3
BRDA:112,14,0,0
BRDA:112,14,1,3
BRDA:114,15,0,2
BRDA:114,15,1,1
BRDA:116,16,0,0
BRDA:116,16,1,1
BRDA:118,17,0,0
BRDA:118,17,1,1
BRF:36
BRH:18
end_of_record
TN:
SF:/data/IdeaProjects/SmartApplianceEnabler/src/main/angular/src/app/control/control-service.ts
FN:10,(anonymous_7)
FN:12,ControlService
FN:16,(anonymous_9)
FN:18,(anonymous_10)
FN:21,(anonymous_11)
FN:23,(anonymous_12)
FN:31,(anonymous_13)
FNF:7
FNH:7
FNDA:1,(anonymous_7)
FNDA:7,ControlService
FNDA:1,(anonymous_9)
FNDA:1,(anonymous_10)
FNDA:3,(anonymous_11)
FNDA:3,(anonymous_12)
FNDA:3,(anonymous_13)
DA:1,1
DA:2,1
DA:6,1
DA:7,1
DA:10,1
DA:12,7
DA:13,7
DA:16,1
DA:17,1
DA:18,1
DA:21,1
DA:22,3
DA:24,3
DA:25,0
DA:27,3
DA:31,1
DA:32,3
DA:33,3
DA:34,3
DA:35,3
DA:36,2
DA:38,1
DA:41,1
LF:23
LH:22
BRDA:13,0,0,7
BRDA:13,0,1,7
BRDA:24,1,0,0
BRDA:24,1,1,3
BRDA:35,2,0,2
BRDA:35,2,1,1
BRF:6
BRH:5
end_of_record
TN:
SF:/data/IdeaProjects/SmartApplianceEnabler/src/main/angular/src/app/control/control-testdata.ts
FN:6,(anonymous_0)
FN:8,(anonymous_2)
FN:21,(anonymous_3)
FN:30,(anonymous_4)
FN:34,(anonymous_5)
FN:40,(anonymous_6)
FN:47,(anonymous_7)
FN:57,(anonymous_8)
FN:74,(anonymous_9)
FNF:9
FNH:9
FNDA:1,(anonymous_0)
FNDA:1,(anonymous_2)
FNDA:1,(anonymous_3)
FNDA:1,(anonymous_4)
FNDA:1,(anonymous_5)
FNDA:2,(anonymous_6)
FNDA:3,(anonymous_7)
FNDA:1,(anonymous_8)
FNDA:1,(anonymous_9)
DA:1,1
DA:2,1
DA:3,1
DA:4,1
DA:6,1
DA:8,1
DA:9,1
DA:21,1
DA:22,1
DA:30,1
DA:31,1
DA:34,1
DA:35,1
DA:40,1
DA:41,2
DA:47,1
DA:48,3
DA:57,1
DA:58,1
DA:74,1
DA:75,1
DA:92,1
LF:22
LH:22
BRF:0
BRH:0
end_of_record
TN:
SF:/data/IdeaProjects/SmartApplianceEnabler/src/main/angular/src/app/control/control.ts
FN:26,(anonymous_0)
FN:36,Control
FNF:2
FNH:2
FNDA:1,(anonymous_0)
FNDA:9,Control
DA:26,1
DA:37,9
DA:39,1
LF:3
LH:3
BRF:0
BRH:0
end_of_record
TN:
SF:/data/IdeaProjects/SmartApplianceEnabler/src/main/angular/src/app/control/http-switch.ts
FN:19,(anonymous_0)
FN:21,(anonymous_2)
FNF:2
FNH:2
FNDA:1,(anonymous_0)
FNDA:2,(anonymous_2)
DA:19,1
DA:21,1
DA:22,2
DA:25,0
DA:33,1
LF:5
LH:4
BRF:0
BRH:0
end_of_record
TN:
SF:/data/IdeaProjects/SmartApplianceEnabler/src/main/angular/src/app/control/mock-switch.ts
FN:19,(anonymous_0)
FN:21,(anonymous_2)
FNF:2
FNH:2
FNDA:1,(anonymous_0)
FNDA:6,(anonymous_2)
DA:19,1
DA:21,1
DA:22,6
DA:25,0
DA:26,1
LF:5
LH:4
BRF:0
BRH:0
end_of_record
TN:
SF:/data/IdeaProjects/SmartApplianceEnabler/src/main/angular/src/app/control/modbus-switch.ts
FN:19,(anonymous_0)
FN:21,(anonymous_2)
FNF:2
FNH:2
FNDA:1,(anonymous_0)
FNDA:2,(anonymous_2)
DA:19,1
DA:21,1
DA:22,2
DA:25,0
DA:28,1
LF:5
LH:4
BRF:0
BRH:0
end_of_record
TN:
SF:/data/IdeaProjects/SmartApplianceEnabler/src/main/angular/src/app/control/starting-current-switch.ts
FN:19,(anonymous_0)
FN:31,StartingCurrentSwitch
FN:21,(anonymous_2)
FNF:3
FNH:3
FNDA:1,(anonymous_0)
FNDA:2,StartingCurrentSwitch
FNDA:5,(anonymous_2)
DA:19,1
DA:21,1
DA:22,5
DA:25,2
DA:32,2
DA:34,1
LF:6
LH:6
BRF:0
BRH:0
end_of_record
TN:
SF:/data/IdeaProjects/SmartApplianceEnabler/src/main/angular/src/app/control/switch.ts
FN:19,(anonymous_0)
FN:29,Switch
FN:21,(anonymous_2)
FNF:3
FNH:3
FNDA:1,(anonymous_0)
FNDA:6,Switch
FNDA:12,(anonymous_2)
DA:19,1
DA:21,1
DA:22,12
DA:25,6
DA:30,6
DA:32,1
LF:6
LH:6
BRF:0
BRH:0
end_of_record
TN:
SF:/data/IdeaProjects/SmartApplianceEnabler/src/main/angular/src/app/meter/http-electricity-meter.ts
FN:19,(anonymous_0)
FN:21,(anonymous_2)
FNF:2
FNH:2
FNDA:1,(anonymous_0)
FNDA:2,(anonymous_2)
DA:19,1
DA:21,1
DA:22,2
DA:25,0
DA:35,1
LF:5
LH:4
BRF:0
BRH:0
end_of_record
TN:
SF:/data/IdeaProjects/SmartApplianceEnabler/src/main/angular/src/app/meter/meter-defaults.ts
FN:1,(anonymous_0)
FN:8,MeterDefaults
FNF:2
FNH:2
FNDA:1,(anonymous_0)
FNDA:2,MeterDefaults
DA:1,1
DA:9,2
DA:11,1
LF:3
LH:3
BRF:0
BRH:0
end_of_record
TN:
SF:/data/IdeaProjects/SmartApplianceEnabler/src/main/angular/src/app/meter/meter-factory.ts
FN:25,(anonymous_0)
FN:27,(anonymous_2)
FN:40,(anonymous_3)
FN:44,(anonymous_4)
FN:61,(anonymous_5)
FN:81,(anonymous_6)
FN:94,(anonymous_7)
FN:103,(anonymous_8)
FNF:8
FNH:5
FNDA:1,(anonymous_0)
FNDA:1,(anonymous_2)
FNDA:0,(anonymous_3)
FNDA:2,(anonymous_4)
FNDA:3,(anonymous_5)
FNDA:1,(anonymous_6)
FNDA:0,(anonymous_7)
FNDA:0,(anonymous_8)
DA:19,1
DA:20,1
DA:21,1
DA:22,1
DA:23,1
DA:25,1
DA:27,1
DA:28,1
DA:29,1
DA:30,1
DA:32,1
DA:33,1
DA:34,1
DA:35,1
DA:36,1
DA:37,1
DA:40,1
DA:41,0
DA:44,1
DA:45,2
DA:46,2
DA:47,2
DA:48,2
DA:49,1
DA:50,1
DA:51,0
DA:52,1
DA:53,0
DA:54,1
DA:55,0
DA:57,2
DA:58,2
DA:61,1
DA:62,3
DA:64,3
DA:65,2
DA:66,1
DA:67,0
DA:68,1
DA:69,0
DA:70,1
DA:71,0
DA:74,3
DA:75,2
DA:77,3
DA:78,3
DA:81,1
DA:82,1
DA:83,1
DA:84,0
DA:86,1
DA:87,1
DA:88,1
DA:89,1
DA:90,1
DA:91,1
DA:94,1
DA:95,0
DA:96,0
DA:97,0
DA:98,0
DA:99,0
DA:100,0
DA:103,1
DA:104,0
DA:105,0
DA:106,0
DA:107,0
DA:108,0
DA:109,0
DA:110,0
DA:111,0
DA:112,0
DA:113,0
DA:114,0
DA:116,1
LF:76
LH:51
BRDA:48,0,0,1
BRDA:48,0,1,1
BRDA:50,1,0,0
BRDA:50,1,1,1
BRDA:52,2,0,0
BRDA:52,2,1,1
BRDA:54,3,0,0
BRDA:54,3,1,1
BRDA:64,4,0,2
BRDA:64,4,1,1
BRDA:66,5,0,0
BRDA:66,5,1,1
BRDA:68,6,0,0
BRDA:68,6,1,1
BRDA:70,7,0,0
BRDA:70,7,1,1
BRDA:74,8,0,2
BRDA:74,8,1,1
BRDA:83,9,0,0
BRDA:83,9,1,1
BRF:20
BRH:13
end_of_record
TN:
SF:/data/IdeaProjects/SmartApplianceEnabler/src/main/angular/src/app/meter/meter-service.ts
FN:10,(anonymous_7)
FN:12,MeterService
FN:16,(anonymous_9)
FN:18,(anonymous_10)
FN:21,(anonymous_11)
FN:23,(anonymous_12)
FN:31,(anonymous_13)
FNF:7
FNH:7
FNDA:1,(anonymous_7)
FNDA:6,MeterService
FNDA:1,(anonymous_9)
FNDA:1,(anonymous_10)
FNDA:2,(anonymous_11)
FNDA:2,(anonymous_12)
FNDA:3,(anonymous_13)
DA:1,1
DA:2,1
DA:3,1
DA:7,1
DA:10,1
DA:12,6
DA:13,6
DA:16,1
DA:17,1
DA:18,1
DA:21,1
DA:22,2
DA:24,2
DA:25,0
DA:27,2
DA:31,1
DA:32,3
DA:33,3
DA:34,3
DA:35,3
DA:36,2
DA:38,1
DA:41,1
LF:23
LH:22
BRDA:13,0,0,6
BRDA:13,0,1,6
BRDA:24,1,0,0
BRDA:24,1,1,2
BRDA:35,2,0,2
BRDA:35,2,1,1
BRF:6
BRH:5
end_of_record
TN:
SF:/data/IdeaProjects/SmartApplianceEnabler/src/main/angular/src/app/meter/meter-testdata.ts
FN:5,(anonymous_0)
FN:7,(anonymous_2)
FN:27,(anonymous_3)
FN:37,(anonymous_4)
FN:41,(anonymous_5)
FN:47,(anonymous_6)
FN:57,(anonymous_7)
FNF:7
FNH:7
FNDA:1,(anonymous_0)
FNDA:1,(anonymous_2)
FNDA:1,(anonymous_3)
FNDA:1,(anonymous_4)
FNDA:1,(anonymous_5)
FNDA:2,(anonymous_6)
FNDA:3,(anonymous_7)
DA:1,1
DA:2,1
DA:3,1
DA:5,1
DA:7,1
DA:8,1
DA:27,1
DA:28,1
DA:37,1
DA:38,1
DA:41,1
DA:42,1
DA:47,1
DA:48,2
DA:57,1
DA:58,3
DA:72,1
LF:17
LH:17
BRF:0
BRH:0
end_of_record
TN:
SF:/data/IdeaProjects/SmartApplianceEnabler/src/main/angular/src/app/meter/meter.ts
FN:23,(anonymous_0)
FN:30,Meter
FNF:2
FNH:2
FNDA:1,(anonymous_0)
FNDA:7,Meter
DA:23,1
DA:31,7
DA:33,1
LF:3
LH:3
BRF:0
BRH:0
end_of_record
TN:
SF:/data/IdeaProjects/SmartApplianceEnabler/src/main/angular/src/app/meter/modbus-electricity-meter.ts
FN:19,(anonymous_0)
FN:21,(anonymous_2)
FNF:2
FNH:2
FNDA:1,(anonymous_0)
FNDA:2,(anonymous_2)
DA:19,1
DA:21,1
DA:22,2
DA:25,0
DA:30,1
LF:5
LH:4
BRF:0
BRH:0
end_of_record
TN:
SF:/data/IdeaProjects/SmartApplianceEnabler/src/main/angular/src/app/meter/s0-electricity-meter.ts
FN:19,(anonymous_0)
FN:35,S0ElectricityMeter
FN:21,(anonymous_2)
FN:24,(anonymous_3)
FNF:4
FNH:4
FNDA:1,(anonymous_0)
FNDA:4,S0ElectricityMeter
FNDA:9,(anonymous_2)
FNDA:2,(anonymous_3)
DA:19,1
DA:21,1
DA:22,9
DA:24,1
DA:25,2
DA:28,4
DA:36,4
DA:38,1
LF:8
LH:8
BRF:0
BRH:0
end_of_record
TN:
SF:/data/IdeaProjects/SmartApplianceEnabler/src/main/angular/src/app/schedule/consecutive-days-timeframe.ts
FN:19,(anonymous_0)
FN:31,ConsecutiveDaysTimeframe
FN:21,(anonymous_2)
FNF:3
FNH:3
FNDA:1,(anonymous_0)
FNDA:2,ConsecutiveDaysTimeframe
FNDA:4,(anonymous_2)
DA:19,1
DA:21,1
DA:22,4
DA:25,2
DA:32,2
DA:34,1
LF:6
LH:6
BRF:0
BRH:0
end_of_record
TN:
SF:/data/IdeaProjects/SmartApplianceEnabler/src/main/angular/src/app/schedule/day-of-week.ts
FN:19,(anonymous_0)
FN:23,DayOfWeek
FNF:2
FNH:2
FNDA:1,(anonymous_0)
FNDA:5,DayOfWeek
DA:19,1
DA:20,5
DA:24,5
DA:26,1
LF:4
LH:4
BRF:0
BRH:0
end_of_record
TN:
SF:/data/IdeaProjects/SmartApplianceEnabler/src/main/angular/src/app/schedule/day-timeframe.ts
FN:22,(anonymous_0)
FN:36,DayTimeframe
FN:24,(anonymous_2)
FNF:3
FNH:3
FNDA:1,(anonymous_0)
FNDA:3,DayTimeframe
FNDA:6,(anonymous_2)
DA:22,1
DA:24,1
DA:25,6
DA:28,3
DA:37,3
DA:39,1
LF:6
LH:6
BRF:0
BRH:0
end_of_record
TN:
SF:/data/IdeaProjects/SmartApplianceEnabler/src/main/angular/src/app/schedule/schedule-factory.ts
FN:27,(anonymous_0)
FN:29,(anonymous_2)
FN:37,(anonymous_3)
FN:79,(anonymous_4)
FN:102,(anonymous_5)
FN:141,(anonymous_6)
FN:155,(anonymous_7)
FNF:7
FNH:5
FNDA:1,(anonymous_0)
FNDA:0,(anonymous_2)
FNDA:1,(anonymous_3)
FNDA:2,(anonymous_4)
FNDA:0,(anonymous_5)
FNDA:1,(anonymous_6)
FNDA:1,(anonymous_7)
DA:19,1
DA:20,1
DA:21,1
DA:22,1
DA:23,1
DA:24,1
DA:25,1
DA:27,1
DA:29,1
DA:30,0
DA:31,0
DA:34,0
DA:37,1
DA:38,1
DA:39,1
DA:40,1
DA:41,1
DA:42,1
DA:43,1
DA:47,1
DA:48,1
DA:52,1
DA:53,1
DA:54,1
DA:55,1
DA:56,5
DA:59,0
DA:60,0
DA:61,0
DA:62,0
DA:66,0
DA:73,1
DA:74,1
DA:75,1
DA:76,1
DA:79,1
DA:80,2
DA:81,2
DA:82,2
DA:83,2
DA:84,2
DA:85,2
DA:87,2
DA:88,2
DA:89,0
DA:91,2
DA:92,1
DA:93,1
DA:94,1
DA:95,1
DA:96,1
DA:98,2
DA:99,2
DA:102,1
DA:103,0
DA:104,0
DA:105,0
DA:106,0
DA:107,0
DA:108,0
DA:109,0
DA:110,0
DA:111,0
DA:112,0
DA:113,0
DA:114,0
DA:115,0
DA:117,0
DA:118,0
DA:120,0
DA:121,0
DA:122,0
DA:123,0
DA:124,0
DA:125,0
DA:126,0
DA:128,0
DA:130,0
DA:132,0
DA:135,0
DA:137,0
DA:138,0
DA:141,1
DA:142,1
DA:143,1
DA:144,1
DA:145,1
DA:146,1
DA:147,5
DA:150,1
DA:151,1
DA:152,1
DA:155,1
DA:156,1
DA:157,1
DA:158,1
DA:159,1
DA:160,1
DA:161,1
DA:162,1
DA:164,1
LF:101
LH:64
BRDA:39,0,0,1
BRDA:39,0,1,0
BRDA:42,1,0,1
BRDA:42,1,1,0
BRDA:47,2,0,1
BRDA:47,2,1,0
BRDA:54,3,0,1
BRDA:54,3,1,0
BRDA:59,4,0,0
BRDA:59,4,1,0
BRDA:84,5,0,2
BRDA:84,5,1,0
BRDA:88,6,0,0
BRDA:88,6,1,2
BRDA:91,7,0,1
BRDA:91,7,1,1
BRDA:94,8,0,1
BRDA:94,8,1,0
BRDA:109,9,0,0
BRDA:109,9,1,0
BRDA:114,10,0,0
BRDA:114,10,1,0
BRDA:114,11,0,0
BRDA:114,11,1,0
BRDA:117,12,0,0
BRDA:117,12,1,0
BRDA:117,13,0,0
BRDA:117,13,1,0
BRDA:120,14,0,0
BRDA:120,14,1,0
BRDA:126,15,0,0
BRDA:126,15,1,0
BRDA:126,16,0,0
BRDA:126,16,1,0
BRDA:130,17,0,0
BRDA:130,17,1,0
BRDA:130,18,0,0
BRDA:130,18,1,0
BRDA:145,19,0,1
BRDA:145,19,1,0
BRF:40
BRH:10
end_of_record
TN:
SF:/data/IdeaProjects/SmartApplianceEnabler/src/main/angular/src/app/schedule/schedule-service.ts
FN:9,(anonymous_7)
FN:11,ScheduleService
FN:15,(anonymous_9)
FN:17,(anonymous_10)
FN:21,(anonymous_11)
FN:25,(anonymous_12)
FNF:6
FNH:6
FNDA:1,(anonymous_7)
FNDA:4,ScheduleService
FNDA:3,(anonymous_9)
FNDA:3,(anonymous_10)
FNDA:2,(anonymous_11)
FNDA:1,(anonymous_12)
DA:1,1
DA:2,1
DA:3,1
DA:6,1
DA:9,1
DA:11,4
DA:12,4
DA:15,1
DA:16,3
DA:18,3
DA:19,1
DA:21,2
DA:25,1
DA:26,1
DA:27,1
DA:28,1
DA:29,1
DA:31,1
LF:18
LH:18
BRDA:12,0,0,4
BRDA:12,0,1,4
BRDA:18,1,0,1
BRDA:18,1,1,2
BRF:4
BRH:4
end_of_record
TN:
SF:/data/IdeaProjects/SmartApplianceEnabler/src/main/angular/src/app/schedule/schedule-testdata.ts
FN:5,(anonymous_0)
FN:7,(anonymous_2)
FN:53,(anonymous_3)
FN:64,(anonymous_4)
FN:81,(anonymous_5)
FN:108,(anonymous_6)
FNF:6
FNH:6
FNDA:1,(anonymous_0)
FNDA:2,(anonymous_2)
FNDA:1,(anonymous_3)
FNDA:2,(anonymous_4)
FNDA:1,(anonymous_5)
FNDA:1,(anonymous_6)
DA:1,1
DA:2,1
DA:3,1
DA:5,1
DA:7,1
DA:8,2
DA:53,1
DA:54,1
DA:55,1
DA:56,1
DA:57,1
DA:58,1
DA:59,1
DA:60,1
DA:61,1
DA:64,1
DA:65,2
DA:81,1
DA:82,1
DA:108,1
DA:109,1
DA:125,1
LF:22
LH:22
BRF:0
BRH:0
end_of_record
TN:
SF:/data/IdeaProjects/SmartApplianceEnabler/src/main/angular/src/app/schedule/schedule.ts
FN:22,(anonymous_0)
FN:33,Schedule
FNF:2
FNH:2
FNDA:1,(anonymous_0)
FNDA:5,Schedule
DA:22,1
DA:23,5
DA:34,5
DA:36,1
LF:4
LH:4
BRF:0
BRH:0
end_of_record
TN:
SF:/data/IdeaProjects/SmartApplianceEnabler/src/main/angular/src/app/schedule/time-of-day-of-week.ts
FN:19,(anonymous_0)
FN:26,TimeOfDayOfWeek
FNF:2
FNH:1
FNDA:1,(anonymous_0)
FNDA:0,TimeOfDayOfWeek
DA:19,1
DA:20,0
DA:27,0
DA:28,0
DA:29,0
DA:30,0
DA:32,1
LF:7
LH:2
BRF:0
BRH:0
end_of_record
TN:
SF:/data/IdeaProjects/SmartApplianceEnabler/src/main/angular/src/app/schedule/time-of-day.ts
FN:19,(anonymous_0)
FN:25,TimeOfDay
FNF:2
FNH:2
FNDA:1,(anonymous_0)
FNDA:2,TimeOfDay
DA:19,1
DA:20,2
DA:26,2
DA:27,2
DA:28,2
DA:30,1
LF:6
LH:6
BRF:0
BRH:0
end_of_record
TN:
SF:/data/IdeaProjects/SmartApplianceEnabler/src/main/angular/src/app/shared/http-error-interceptor.ts
FN:10,(anonymous_1)
FN:12,(anonymous_3)
FN:13,(anonymous_4)
FNF:3
FNH:3
FNDA:25,(anonymous_1)
FNDA:24,(anonymous_3)
FNDA:5,(anonymous_4)
DA:1,1
DA:3,1
DA:4,1
DA:5,1
DA:6,1
DA:7,1
DA:10,1
DA:12,1
DA:13,24
DA:14,5
DA:15,0
DA:17,5
DA:19,5
DA:22,1
LF:14
LH:13
BRDA:14,0,0,0
BRDA:14,0,1,5
BRF:2
BRH:1
end_of_record
TN:
SF:/data/IdeaProjects/SmartApplianceEnabler/src/main/angular/src/app/shared/sae-service.ts
FN:3,(anonymous_0)
FN:9,SaeService
FNF:2
FNH:2
FNDA:1,(anonymous_0)
FNDA:24,SaeService
DA:1,1
DA:3,1
DA:4,1
DA:5,1
DA:6,24
DA:7,24
DA:9,24
DA:11,1
LF:8
LH:8
BRF:0
BRH:0
end_of_record
TN:
SF:/data/IdeaProjects/SmartApplianceEnabler/src/main/angular/src/app/shared/time-util.ts
FN:1,(anonymous_0)
FN:3,(anonymous_2)
FN:7,(anonymous_3)
FN:17,(anonymous_4)
FN:25,(anonymous_5)
FN:29,(anonymous_6)
FNF:6
FNH:4
FNDA:1,(anonymous_0)
FNDA:2,(anonymous_2)
FNDA:0,(anonymous_3)
FNDA:0,(anonymous_4)
FNDA:4,(anonymous_5)
FNDA:8,(anonymous_6)
DA:1,1
DA:3,1
DA:4,2
DA:7,1
DA:8,0
DA:9,0
DA:10,0
DA:11,0
DA:12,0
DA:14,0
DA:17,1
DA:18,0
DA:19,0
DA:20,0
DA:22,0
DA:25,1
DA:26,4
DA:29,1
DA:30,8
DA:31,8
DA:32,8
DA:34,1
LF:22
LH:12
BRDA:9,0,0,0
BRDA:9,0,1,0
BRDA:18,1,0,0
BRDA:18,1,1,0
BRDA:31,2,0,13
BRDA:31,2,1,0
BRF:6
BRH:1
end_of_record
TN:
SF:/data/IdeaProjects/SmartApplianceEnabler/src/main/angular/src/app/status/status-factory.ts
FN:3,(anonymous_0)
FN:5,(anonymous_2)
FNF:2
FNH:2
FNDA:1,(anonymous_0)
FNDA:2,(anonymous_2)
DA:1,1
DA:3,1
DA:5,1
DA:6,2
DA:7,2
DA:8,2
DA:9,2
DA:10,2
DA:11,2
DA:12,2
DA:13,2
DA:14,2
DA:15,2
DA:16,2
DA:17,2
DA:18,2
DA:19,2
DA:20,2
DA:21,2
DA:22,2
DA:25,1
LF:21
LH:21
BRF:0
BRH:0
end_of_record
TN:
SF:/data/IdeaProjects/SmartApplianceEnabler/src/main/angular/src/app/status/status.service.ts
FN:12,(anonymous_7)
FN:14,StatusService
FN:18,(anonymous_9)
FN:20,(anonymous_10)
FN:22,(anonymous_11)
FN:26,(anonymous_12)
FN:29,(anonymous_13)
FN:32,(anonymous_14)
FN:38,(anonymous_15)
FNF:9
FNH:5
FNDA:1,(anonymous_7)
FNDA:1,StatusService
FNDA:1,(anonymous_9)
FNDA:1,(anonymous_10)
FNDA:2,(anonymous_11)
FNDA:0,(anonymous_12)
FNDA:0,(anonymous_13)
FNDA:0,(anonymous_14)
FNDA:0,(anonymous_15)
DA:1,1
DA:2,1
DA:3,1
DA:5,1
DA:6,1
DA:7,1
DA:9,1
DA:12,1
DA:14,1
DA:15,1
DA:18,1
DA:19,1
DA:21,1
DA:22,2
DA:26,1
DA:27,0
DA:28,0
DA:29,0
DA:32,1
DA:33,0
DA:34,0
DA:35,0
DA:38,1
DA:39,0
DA:40,0
DA:42,0
DA:43,0
DA:44,0
DA:47,1
LF:29
LH:18
BRDA:15,0,0,1
BRDA:15,0,1,1
BRF:2
BRH:2
end_of_record
TN:
SF:/data/IdeaProjects/SmartApplianceEnabler/src/main/angular/src/app/status/status.ts
FN:1,(anonymous_0)
FN:16,Status
FNF:2
FNH:2
FNDA:1,(anonymous_0)
FNDA:4,Status
DA:1,1
DA:17,4
DA:19,1
LF:3
LH:3
BRF:0
BRH:0
end_of_record
